Winston: 2025-01-30 14:32:49 [INFO]: GET /siswa/daerah
Winston: 2025-01-30 14:33:52 [INFO]: GET /siswa/daerah
Winston: 2025-01-31 13:45:06 [INFO]: POST /pdf/upload
Winston: 2025-01-31 13:45:09 [INFO]: POST /pdf/upload
Winston: 2025-01-31 13:45:38 [INFO]: POST /pdf/upload
Winston: 2025-01-31 13:45:53 [INFO]: POST /pdf/split
Winston: 2025-01-31 13:50:13 [INFO]: POST /pdf/split
Winston: 2025-01-31 14:03:38 [INFO]: POST /pdf/split
Winston: 2025-01-31 14:04:38 [INFO]: POST /pdf/split
Winston: 2025-01-31 14:05:06 [INFO]: POST /pdf/split
Winston: 2025-01-31 14:05:34 [INFO]: POST /pdf/split
Winston: 2025-01-31 14:08:03 [INFO]: POST /pdf/split
Winston: 2025-01-31 14:08:10 [INFO]: POST /pdf/split
Winston: 2025-01-31 14:08:30 [INFO]: POST /pdf/split
Winston: 2025-01-31 14:09:36 [INFO]: POST /pdf/split
Winston: 2025-01-31 14:10:29 [INFO]: POST /pdf/split
Winston: 2025-01-31 14:10:47 [INFO]: POST /pdf/split
Winston: 2025-01-31 14:14:26 [INFO]: POST /pdf/split
Winston: 2025-01-31 14:16:27 [INFO]: POST /pdf/split
Winston: 2025-01-31 14:16:50 [INFO]: POST /pdf/split
Winston: 2025-01-31 14:17:24 [INFO]: POST /pdf/split
Winston: 2025-01-31 14:22:05 [INFO]: POST /pdf/split
Winston: 2025-01-31 14:24:45 [INFO]: POST /pdf/split
Winston: 2025-01-31 14:26:20 [INFO]: POST /pdf/split
Winston: 2025-01-31 14:26:27 [INFO]: POST /pdf/split
Winston: 2025-01-31 14:29:05 [INFO]: POST /pdf/split
Winston: 2025-01-31 14:30:10 [INFO]: POST /pdf/split
Winston: 2025-01-31 14:31:11 [INFO]: POST /pdf/split
Winston: 2025-01-31 14:31:27 [INFO]: POST /pdf/split
Winston: 2025-01-31 14:31:37 [INFO]: POST /pdf/split
Winston: 2025-01-31 14:32:36 [INFO]: POST /pdf/split
Winston: 2025-01-31 14:33:04 [INFO]: POST /pdf/split
Winston: 2025-01-31 14:35:23 [INFO]: POST /pdf/split
Winston: 2025-01-31 14:36:19 [INFO]: POST /pdf/split
Winston: 2025-01-31 14:37:47 [INFO]: POST /pdf/split
Winston: 2025-01-31 14:38:56 [INFO]: POST /pdf/split
Winston: 2025-01-31 16:00:03 [INFO]: POST /pdf/split
Winston: 2025-01-31 16:01:48 [INFO]: POST /pdf/split
Winston: 2025-02-03 09:12:44 [INFO]: GET /siswa
Winston: 2025-02-03 09:12:46 [INFO]: GET /siswa/daerah
Winston: 2025-02-03 09:13:29 [INFO]: GET /siswa/daerah
Winston: 2025-02-03 09:13:30 [INFO]: GET /siswa/daerah
Winston: 2025-02-03 09:13:30 [INFO]: GET /siswa/daerah
Winston: 2025-02-03 09:13:30 [INFO]: GET /siswa/daerah
Winston: 2025-02-03 09:13:30 [INFO]: GET /siswa/daerah
Winston: 2025-02-03 10:35:33 [INFO]: POST /pdf/upload
Winston: 2025-02-03 10:36:17 [INFO]: POST /pdf/split
Winston: 2025-02-03 10:36:32 [INFO]: POST /pdf/split
Winston: 2025-02-03 10:37:18 [INFO]: POST /pdf/split
Winston: 2025-02-03 10:37:34 [INFO]: POST /pdf/split
Winston: 2025-02-03 10:38:20 [INFO]: POST /pdf/split
Winston: 2025-02-03 13:42:00 [INFO]: POST /calculate-prime
Winston: 2025-02-03 13:42:08 [INFO]: POST /calculate-primes
Winston: 2025-02-03 13:42:46 [INFO]: POST /calculate-primes
Winston: 2025-02-03 13:42:53 [INFO]: POST /calculate-primes
Winston: 2025-02-03 13:42:54 [INFO]: POST /calculate-primes
Winston: 2025-02-03 13:42:56 [INFO]: POST /calculate-primes
Winston: 2025-02-03 13:43:36 [INFO]: POST /calculate-primes
Winston: 2025-02-03 13:46:01 [INFO]: POST /calculate-primes
Winston: 2025-02-03 13:46:03 [INFO]: POST /calculate-primes
Winston: 2025-02-03 13:46:14 [INFO]: POST /calculate-primes
Winston: 2025-02-03 13:46:16 [INFO]: POST /calculate-primes
Winston: 2025-02-03 13:46:19 [INFO]: POST /calculate-primes
Winston: 2025-02-03 13:46:25 [INFO]: POST /calculate-primes
Winston: 2025-02-03 13:46:31 [INFO]: POST /calculate-primes
Winston: 2025-02-03 13:46:50 [INFO]: POST /calculate-primes
Winston: 2025-02-03 13:47:10 [INFO]: POST /calculate-primes
Winston: 2025-02-03 14:15:14 [INFO]: POST /calculate-primes
Winston: 2025-02-03 14:15:36 [INFO]: POST /calculate-primes
Winston: 2025-02-03 14:15:54 [INFO]: POST /calculate-primes-single
Winston: 2025-02-03 14:17:06 [INFO]: POST /calculate-primes-ST
Winston: 2025-02-03 14:18:02 [INFO]: POST /calculate-primes-MT
Winston: 2025-02-03 14:18:34 [INFO]: POST /calculate-primes-ST
Winston: 2025-02-03 14:18:36 [INFO]: POST /calculate-primes-ST
Winston: 2025-02-03 14:18:38 [INFO]: POST /calculate-primes-ST
Winston: 2025-02-03 14:18:39 [INFO]: POST /calculate-primes-ST
Winston: 2025-02-03 14:18:40 [INFO]: POST /calculate-primes-ST
Winston: 2025-02-03 14:19:14 [INFO]: POST /calculate-primes-MT
Winston: 2025-02-03 14:19:15 [INFO]: POST /calculate-primes-MT
Winston: 2025-02-03 14:19:17 [INFO]: POST /calculate-primes-MT
Winston: 2025-02-03 14:19:18 [INFO]: POST /calculate-primes-MT
Winston: 2025-02-03 14:19:20 [INFO]: POST /calculate-primes-MT
Winston: 2025-02-03 14:26:14 [INFO]: POST /calculate-primes-MT
Winston: 2025-02-03 14:26:16 [INFO]: POST /calculate-primes-MT
Winston: 2025-02-03 14:26:18 [INFO]: POST /calculate-primes-MT
Winston: 2025-02-03 14:26:19 [INFO]: POST /calculate-primes-MT
Winston: 2025-02-03 14:26:21 [INFO]: POST /calculate-primes-MT
Winston: 2025-02-03 14:26:49 [INFO]: POST /calculate-primes-MT
Winston: 2025-02-03 14:26:51 [INFO]: POST /calculate-primes-MT
Winston: 2025-02-03 14:26:53 [INFO]: POST /calculate-primes-MT
Winston: 2025-02-03 14:26:55 [INFO]: POST /calculate-primes-MT
Winston: 2025-02-03 14:26:56 [INFO]: POST /calculate-primes-MT
Winston: 2025-02-03 14:31:29 [INFO]: POST /calculate-primes-MT
Winston: 2025-02-03 14:31:31 [INFO]: POST /calculate-primes-MT
Winston: 2025-02-03 14:31:32 [INFO]: POST /calculate-primes-MT
Winston: 2025-02-03 14:31:34 [INFO]: POST /calculate-primes-MT
Winston: 2025-02-03 14:31:36 [INFO]: POST /calculate-primes-MT
Winston: 2025-02-03 14:33:35 [INFO]: POST /calculate-primes-MT
Winston: 2025-02-03 14:33:36 [INFO]: POST /calculate-primes-MT
Winston: 2025-02-03 14:33:38 [INFO]: POST /calculate-primes-MT
Winston: 2025-02-03 14:33:39 [INFO]: POST /calculate-primes-MT
Winston: 2025-02-03 14:33:41 [INFO]: POST /calculate-primes-MT
Winston: 2025-02-03 14:37:05 [INFO]: POST /calculate-primes-MT
Winston: 2025-02-03 14:38:19 [INFO]: POST /calculate-primes-MT
Winston: 2025-02-03 14:42:07 [INFO]: POST /calculate-primes-MT
Winston: 2025-02-03 14:42:07 [INFO]: POST /calculate-primes-MT
Winston: 2025-02-03 14:42:07 [INFO]: POST /calculate-primes-MT
Winston: 2025-02-03 14:42:08 [INFO]: POST /calculate-primes-MT
Winston: 2025-02-03 14:42:08 [INFO]: POST /calculate-primes-MT
Winston: 2025-02-03 14:42:09 [INFO]: POST /calculate-primes-MT
Winston: 2025-02-03 14:42:09 [INFO]: POST /calculate-primes-MT
Winston: 2025-02-03 14:42:09 [INFO]: POST /calculate-primes-MT
Winston: 2025-02-03 14:42:09 [INFO]: POST /calculate-primes-MT
Winston: 2025-02-03 14:42:09 [INFO]: POST /calculate-primes-MT
Winston: 2025-02-03 14:42:11 [INFO]: POST /calculate-primes-MT
Winston: 2025-02-03 14:42:11 [INFO]: POST /calculate-primes-MT
Winston: 2025-02-03 14:42:11 [INFO]: POST /calculate-primes-MT
Winston: 2025-02-03 14:42:11 [INFO]: POST /calculate-primes-MT
Winston: 2025-02-03 14:42:12 [INFO]: POST /calculate-primes-MT
Winston: 2025-02-03 14:42:12 [INFO]: POST /calculate-primes-MT
Winston: 2025-02-03 14:42:13 [INFO]: POST /calculate-primes-MT
Winston: 2025-02-03 14:42:13 [INFO]: POST /calculate-primes-MT
Winston: 2025-02-03 14:42:13 [INFO]: POST /calculate-primes-MT
Winston: 2025-02-03 14:42:13 [INFO]: POST /calculate-primes-MT
Winston: 2025-02-03 14:42:15 [INFO]: POST /calculate-primes-MT
Winston: 2025-02-03 14:42:15 [INFO]: POST /calculate-primes-MT
Winston: 2025-02-03 14:42:15 [INFO]: POST /calculate-primes-MT
Winston: 2025-02-03 14:42:15 [INFO]: POST /calculate-primes-MT
Winston: 2025-02-03 14:42:15 [INFO]: POST /calculate-primes-MT
Winston: 2025-02-03 14:42:16 [INFO]: POST /calculate-primes-MT
Winston: 2025-02-03 14:42:16 [INFO]: POST /calculate-primes-MT
Winston: 2025-02-03 14:42:16 [INFO]: POST /calculate-primes-MT
Winston: 2025-02-03 14:42:17 [INFO]: POST /calculate-primes-MT
Winston: 2025-02-03 14:42:17 [INFO]: POST /calculate-primes-MT
Winston: 2025-02-03 14:42:18 [INFO]: POST /calculate-primes-MT
Winston: 2025-02-03 14:42:19 [INFO]: POST /calculate-primes-MT
Winston: 2025-02-03 14:42:19 [INFO]: POST /calculate-primes-MT
Winston: 2025-02-03 14:42:19 [INFO]: POST /calculate-primes-MT
Winston: 2025-02-03 14:42:19 [INFO]: POST /calculate-primes-MT
Winston: 2025-02-03 14:42:19 [INFO]: POST /calculate-primes-MT
Winston: 2025-02-03 14:42:19 [INFO]: POST /calculate-primes-MT
Winston: 2025-02-03 14:42:20 [INFO]: POST /calculate-primes-MT
Winston: 2025-02-03 14:42:20 [INFO]: POST /calculate-primes-MT
Winston: 2025-02-03 14:42:20 [INFO]: POST /calculate-primes-MT
Winston: 2025-02-03 14:42:21 [INFO]: POST /calculate-primes-MT
Winston: 2025-02-03 14:42:22 [INFO]: POST /calculate-primes-MT
Winston: 2025-02-03 14:42:22 [INFO]: POST /calculate-primes-MT
Winston: 2025-02-03 14:42:22 [INFO]: POST /calculate-primes-MT
Winston: 2025-02-03 14:42:22 [INFO]: POST /calculate-primes-MT
Winston: 2025-02-03 14:42:23 [INFO]: POST /calculate-primes-MT
Winston: 2025-02-03 14:42:23 [INFO]: POST /calculate-primes-MT
Winston: 2025-02-03 14:42:23 [INFO]: POST /calculate-primes-MT
Winston: 2025-02-03 14:42:24 [INFO]: POST /calculate-primes-MT
Winston: 2025-02-03 14:42:24 [INFO]: POST /calculate-primes-MT
Winston: 2025-02-03 14:42:25 [INFO]: POST /calculate-primes-MT
Winston: 2025-02-03 14:42:25 [INFO]: POST /calculate-primes-MT
Winston: 2025-02-03 14:42:26 [INFO]: POST /calculate-primes-MT
Winston: 2025-02-03 14:42:26 [INFO]: POST /calculate-primes-MT
Winston: 2025-02-03 14:42:26 [INFO]: POST /calculate-primes-MT
Winston: 2025-02-03 14:42:27 [INFO]: POST /calculate-primes-MT
Winston: 2025-02-03 14:42:27 [INFO]: POST /calculate-primes-MT
Winston: 2025-02-03 14:42:27 [INFO]: POST /calculate-primes-MT
Winston: 2025-02-03 14:42:28 [INFO]: POST /calculate-primes-MT
Winston: 2025-02-03 14:42:28 [INFO]: POST /calculate-primes-MT
Winston: 2025-02-03 14:42:29 [INFO]: POST /calculate-primes-MT
Winston: 2025-02-03 14:42:29 [INFO]: POST /calculate-primes-MT
Winston: 2025-02-03 14:42:30 [INFO]: POST /calculate-primes-MT
Winston: 2025-02-03 14:42:30 [INFO]: POST /calculate-primes-MT
Winston: 2025-02-03 14:42:30 [INFO]: POST /calculate-primes-MT
Winston: 2025-02-03 14:42:30 [INFO]: POST /calculate-primes-MT
Winston: 2025-02-03 14:42:30 [INFO]: POST /calculate-primes-MT
Winston: 2025-02-03 14:42:30 [INFO]: POST /calculate-primes-MT
Winston: 2025-02-03 14:42:32 [INFO]: POST /calculate-primes-MT
Winston: 2025-02-03 14:42:32 [INFO]: POST /calculate-primes-MT
Winston: 2025-02-03 14:42:33 [INFO]: POST /calculate-primes-MT
Winston: 2025-02-03 14:42:33 [INFO]: POST /calculate-primes-MT
Winston: 2025-02-03 14:42:33 [INFO]: POST /calculate-primes-MT
Winston: 2025-02-03 14:42:33 [INFO]: POST /calculate-primes-MT
Winston: 2025-02-03 14:42:34 [INFO]: POST /calculate-primes-MT
Winston: 2025-02-03 14:42:34 [INFO]: POST /calculate-primes-MT
Winston: 2025-02-03 14:42:34 [INFO]: POST /calculate-primes-MT
Winston: 2025-02-03 14:42:34 [INFO]: POST /calculate-primes-MT
Winston: 2025-02-03 14:42:35 [INFO]: POST /calculate-primes-MT
Winston: 2025-02-03 14:42:36 [INFO]: POST /calculate-primes-MT
Winston: 2025-02-03 14:42:36 [INFO]: POST /calculate-primes-MT
Winston: 2025-02-03 14:42:37 [INFO]: POST /calculate-primes-MT
Winston: 2025-02-03 14:42:37 [INFO]: POST /calculate-primes-MT
Winston: 2025-02-03 14:42:37 [INFO]: POST /calculate-primes-MT
Winston: 2025-02-03 14:42:37 [INFO]: POST /calculate-primes-MT
Winston: 2025-02-03 14:42:37 [INFO]: POST /calculate-primes-MT
Winston: 2025-02-03 14:42:37 [INFO]: POST /calculate-primes-MT
Winston: 2025-02-03 14:42:38 [INFO]: POST /calculate-primes-MT
Winston: 2025-02-03 14:42:39 [INFO]: POST /calculate-primes-MT
Winston: 2025-02-03 14:42:39 [INFO]: POST /calculate-primes-MT
Winston: 2025-02-03 14:42:40 [INFO]: POST /calculate-primes-MT
Winston: 2025-02-03 14:42:40 [INFO]: POST /calculate-primes-MT
Winston: 2025-02-03 14:42:40 [INFO]: POST /calculate-primes-MT
Winston: 2025-02-03 14:42:40 [INFO]: POST /calculate-primes-MT
Winston: 2025-02-03 14:42:41 [INFO]: POST /calculate-primes-MT
Winston: 2025-02-03 14:42:41 [INFO]: POST /calculate-primes-MT
Winston: 2025-02-03 14:42:41 [INFO]: POST /calculate-primes-MT
Winston: 2025-02-03 14:42:41 [INFO]: POST /calculate-primes-MT
Winston: 2025-02-03 14:42:43 [INFO]: POST /calculate-primes-MT
Winston: 2025-02-03 14:42:43 [INFO]: POST /calculate-primes-MT
Winston: 2025-02-03 14:42:44 [INFO]: POST /calculate-primes-MT
Winston: 2025-02-03 14:42:44 [INFO]: POST /calculate-primes-MT
Winston: 2025-02-03 14:42:44 [INFO]: POST /calculate-primes-MT
Winston: 2025-02-03 14:42:44 [INFO]: POST /calculate-primes-MT
Winston: 2025-02-03 14:42:45 [INFO]: POST /calculate-primes-MT
Winston: 2025-02-03 14:42:45 [INFO]: POST /calculate-primes-MT
Winston: 2025-02-03 14:42:45 [INFO]: POST /calculate-primes-MT
Winston: 2025-02-03 14:42:45 [INFO]: POST /calculate-primes-MT
Winston: 2025-02-03 14:42:46 [INFO]: POST /calculate-primes-MT
Winston: 2025-02-03 14:42:47 [INFO]: POST /calculate-primes-MT
Winston: 2025-02-03 14:42:47 [INFO]: POST /calculate-primes-MT
Winston: 2025-02-03 14:42:48 [INFO]: POST /calculate-primes-MT
Winston: 2025-02-03 14:42:48 [INFO]: POST /calculate-primes-MT
Winston: 2025-02-03 14:42:48 [INFO]: POST /calculate-primes-MT
Winston: 2025-02-03 14:42:48 [INFO]: POST /calculate-primes-MT
Winston: 2025-02-03 14:42:48 [INFO]: POST /calculate-primes-MT
Winston: 2025-02-03 14:42:49 [INFO]: POST /calculate-primes-MT
Winston: 2025-02-03 14:42:49 [INFO]: POST /calculate-primes-MT
Winston: 2025-02-03 14:42:50 [INFO]: POST /calculate-primes-MT
Winston: 2025-02-03 14:42:50 [INFO]: POST /calculate-primes-MT
Winston: 2025-02-03 14:42:51 [INFO]: POST /calculate-primes-MT
Winston: 2025-02-03 14:42:51 [INFO]: POST /calculate-primes-MT
Winston: 2025-02-03 14:42:51 [INFO]: POST /calculate-primes-MT
Winston: 2025-02-03 14:42:51 [INFO]: POST /calculate-primes-MT
Winston: 2025-02-03 14:42:52 [INFO]: POST /calculate-primes-MT
Winston: 2025-02-03 14:42:52 [INFO]: POST /calculate-primes-MT
Winston: 2025-02-03 14:42:52 [INFO]: POST /calculate-primes-MT
Winston: 2025-02-03 14:42:52 [INFO]: POST /calculate-primes-MT
Winston: 2025-02-03 14:42:54 [INFO]: POST /calculate-primes-MT
Winston: 2025-02-03 14:42:54 [INFO]: POST /calculate-primes-MT
Winston: 2025-02-03 14:42:54 [INFO]: POST /calculate-primes-MT
Winston: 2025-02-03 14:42:55 [INFO]: POST /calculate-primes-MT
Winston: 2025-02-03 14:42:55 [INFO]: POST /calculate-primes-MT
Winston: 2025-02-03 14:42:55 [INFO]: POST /calculate-primes-MT
Winston: 2025-02-03 14:42:56 [INFO]: POST /calculate-primes-MT
Winston: 2025-02-03 14:42:56 [INFO]: POST /calculate-primes-MT
Winston: 2025-02-03 14:42:57 [INFO]: POST /calculate-primes-MT
Winston: 2025-02-03 14:42:57 [INFO]: POST /calculate-primes-MT
Winston: 2025-02-03 14:42:58 [INFO]: POST /calculate-primes-MT
Winston: 2025-02-03 14:42:58 [INFO]: POST /calculate-primes-MT
Winston: 2025-02-03 14:42:58 [INFO]: POST /calculate-primes-MT
Winston: 2025-02-03 14:42:59 [INFO]: POST /calculate-primes-MT
Winston: 2025-02-03 14:43:01 [INFO]: POST /calculate-primes-MT
Winston: 2025-02-03 14:43:01 [INFO]: POST /calculate-primes-MT
Winston: 2025-02-03 14:43:01 [INFO]: POST /calculate-primes-MT
Winston: 2025-02-03 14:43:02 [INFO]: POST /calculate-primes-MT
Winston: 2025-02-03 14:43:02 [INFO]: POST /calculate-primes-MT
Winston: 2025-02-03 14:43:03 [INFO]: POST /calculate-primes-MT
Winston: 2025-02-03 14:43:03 [INFO]: POST /calculate-primes-MT
Winston: 2025-02-03 14:43:03 [INFO]: POST /calculate-primes-MT
Winston: 2025-02-03 14:43:03 [INFO]: POST /calculate-primes-MT
Winston: 2025-02-03 14:43:05 [INFO]: POST /calculate-primes-MT
Winston: 2025-02-03 14:43:05 [INFO]: POST /calculate-primes-MT
Winston: 2025-02-03 14:43:06 [INFO]: POST /calculate-primes-MT
Winston: 2025-02-03 14:43:06 [INFO]: POST /calculate-primes-MT
Winston: 2025-02-03 14:43:06 [INFO]: POST /calculate-primes-MT
Winston: 2025-02-03 14:43:07 [INFO]: POST /calculate-primes-MT
Winston: 2025-02-03 14:43:07 [INFO]: POST /calculate-primes-MT
Winston: 2025-02-03 14:43:08 [INFO]: POST /calculate-primes-MT
Winston: 2025-02-03 14:43:08 [INFO]: POST /calculate-primes-MT
Winston: 2025-02-03 14:43:08 [INFO]: POST /calculate-primes-MT
Winston: 2025-02-03 14:43:09 [INFO]: POST /calculate-primes-MT
Winston: 2025-02-03 14:43:09 [INFO]: POST /calculate-primes-MT
Winston: 2025-02-03 14:43:10 [INFO]: POST /calculate-primes-MT
Winston: 2025-02-03 14:43:10 [INFO]: POST /calculate-primes-MT
Winston: 2025-02-03 14:43:11 [INFO]: POST /calculate-primes-MT
Winston: 2025-02-03 14:43:11 [INFO]: POST /calculate-primes-MT
Winston: 2025-02-03 14:43:11 [INFO]: POST /calculate-primes-MT
Winston: 2025-02-03 14:43:11 [INFO]: POST /calculate-primes-MT
Winston: 2025-02-03 14:43:12 [INFO]: POST /calculate-primes-MT
Winston: 2025-02-03 14:43:12 [INFO]: POST /calculate-primes-MT
Winston: 2025-02-03 14:43:13 [INFO]: POST /calculate-primes-MT
Winston: 2025-02-03 14:43:13 [INFO]: POST /calculate-primes-MT
Winston: 2025-02-03 14:43:14 [INFO]: POST /calculate-primes-MT
Winston: 2025-02-03 14:43:14 [INFO]: POST /calculate-primes-MT
Winston: 2025-02-03 14:43:15 [INFO]: POST /calculate-primes-MT
Winston: 2025-02-03 14:43:15 [INFO]: POST /calculate-primes-MT
Winston: 2025-02-03 14:43:15 [INFO]: POST /calculate-primes-MT
Winston: 2025-02-03 14:43:15 [INFO]: POST /calculate-primes-MT
Winston: 2025-02-03 14:43:16 [INFO]: POST /calculate-primes-MT
Winston: 2025-02-03 14:43:16 [INFO]: POST /calculate-primes-MT
Winston: 2025-02-03 14:43:17 [INFO]: POST /calculate-primes-MT
Winston: 2025-02-03 14:43:17 [INFO]: POST /calculate-primes-MT
Winston: 2025-02-03 14:43:18 [INFO]: POST /calculate-primes-MT
Winston: 2025-02-03 14:43:18 [INFO]: POST /calculate-primes-MT
Winston: 2025-02-03 14:43:18 [INFO]: POST /calculate-primes-MT
Winston: 2025-02-03 14:43:19 [INFO]: POST /calculate-primes-MT
Winston: 2025-02-03 14:43:19 [INFO]: POST /calculate-primes-MT
Winston: 2025-02-03 14:43:20 [INFO]: POST /calculate-primes-MT
Winston: 2025-02-03 14:43:20 [INFO]: POST /calculate-primes-MT
Winston: 2025-02-03 14:43:20 [INFO]: POST /calculate-primes-MT
Winston: 2025-02-03 14:43:21 [INFO]: POST /calculate-primes-MT
Winston: 2025-02-03 14:43:21 [INFO]: POST /calculate-primes-MT
Winston: 2025-02-03 14:43:22 [INFO]: POST /calculate-primes-MT
Winston: 2025-02-03 14:43:22 [INFO]: POST /calculate-primes-MT
Winston: 2025-02-03 14:43:22 [INFO]: POST /calculate-primes-MT
Winston: 2025-02-03 14:43:22 [INFO]: POST /calculate-primes-MT
Winston: 2025-02-03 14:43:23 [INFO]: POST /calculate-primes-MT
Winston: 2025-02-03 14:43:23 [INFO]: POST /calculate-primes-MT
Winston: 2025-02-03 14:43:24 [INFO]: POST /calculate-primes-MT
Winston: 2025-02-03 14:43:24 [INFO]: POST /calculate-primes-MT
Winston: 2025-02-03 14:43:24 [INFO]: POST /calculate-primes-MT
Winston: 2025-02-03 14:43:25 [INFO]: POST /calculate-primes-MT
Winston: 2025-02-03 14:43:25 [INFO]: POST /calculate-primes-MT
Winston: 2025-02-03 14:43:26 [INFO]: POST /calculate-primes-MT
Winston: 2025-02-03 14:43:26 [INFO]: POST /calculate-primes-MT
Winston: 2025-02-03 14:43:27 [INFO]: POST /calculate-primes-MT
Winston: 2025-02-03 14:43:27 [INFO]: POST /calculate-primes-MT
Winston: 2025-02-03 14:43:27 [INFO]: POST /calculate-primes-MT
Winston: 2025-02-03 14:43:28 [INFO]: POST /calculate-primes-MT
Winston: 2025-02-03 14:43:28 [INFO]: POST /calculate-primes-MT
Winston: 2025-02-03 14:43:29 [INFO]: POST /calculate-primes-MT
Winston: 2025-02-03 14:43:29 [INFO]: POST /calculate-primes-MT
Winston: 2025-02-03 14:43:29 [INFO]: POST /calculate-primes-MT
Winston: 2025-02-03 14:43:29 [INFO]: POST /calculate-primes-MT
Winston: 2025-02-03 14:43:30 [INFO]: POST /calculate-primes-MT
Winston: 2025-02-03 14:43:31 [INFO]: POST /calculate-primes-MT
Winston: 2025-02-03 14:43:31 [INFO]: POST /calculate-primes-MT
Winston: 2025-02-03 14:43:31 [INFO]: POST /calculate-primes-MT
Winston: 2025-02-03 14:43:32 [INFO]: POST /calculate-primes-MT
Winston: 2025-02-03 14:43:32 [INFO]: POST /calculate-primes-MT
Winston: 2025-02-03 14:43:32 [INFO]: POST /calculate-primes-MT
Winston: 2025-02-03 14:43:33 [INFO]: POST /calculate-primes-MT
Winston: 2025-02-03 14:43:33 [INFO]: POST /calculate-primes-MT
Winston: 2025-02-03 14:43:33 [INFO]: POST /calculate-primes-MT
Winston: 2025-02-03 14:43:34 [INFO]: POST /calculate-primes-MT
Winston: 2025-02-03 14:43:35 [INFO]: POST /calculate-primes-MT
Winston: 2025-02-03 14:43:35 [INFO]: POST /calculate-primes-MT
Winston: 2025-02-03 14:43:35 [INFO]: POST /calculate-primes-MT
Winston: 2025-02-03 14:43:36 [INFO]: POST /calculate-primes-MT
Winston: 2025-02-03 14:43:36 [INFO]: POST /calculate-primes-MT
Winston: 2025-02-03 14:43:36 [INFO]: POST /calculate-primes-MT
Winston: 2025-02-03 14:43:36 [INFO]: POST /calculate-primes-MT
Winston: 2025-02-03 14:43:37 [INFO]: POST /calculate-primes-MT
Winston: 2025-02-03 14:43:37 [INFO]: POST /calculate-primes-MT
Winston: 2025-02-03 14:43:38 [INFO]: POST /calculate-primes-MT
Winston: 2025-02-03 14:43:38 [INFO]: POST /calculate-primes-MT
Winston: 2025-02-03 14:43:38 [INFO]: POST /calculate-primes-MT
Winston: 2025-02-03 14:43:38 [INFO]: POST /calculate-primes-MT
Winston: 2025-02-03 14:43:39 [INFO]: POST /calculate-primes-MT
Winston: 2025-02-03 14:43:40 [INFO]: POST /calculate-primes-MT
Winston: 2025-02-03 14:43:40 [INFO]: POST /calculate-primes-MT
Winston: 2025-02-03 14:43:40 [INFO]: POST /calculate-primes-MT
Winston: 2025-02-03 14:43:40 [INFO]: POST /calculate-primes-MT
Winston: 2025-02-03 14:43:41 [INFO]: POST /calculate-primes-MT
Winston: 2025-02-03 14:43:42 [INFO]: POST /calculate-primes-MT
Winston: 2025-02-03 14:43:42 [INFO]: POST /calculate-primes-MT
Winston: 2025-02-03 14:43:42 [INFO]: POST /calculate-primes-MT
Winston: 2025-02-03 14:43:42 [INFO]: POST /calculate-primes-MT
Winston: 2025-02-03 14:43:43 [INFO]: POST /calculate-primes-MT
Winston: 2025-02-03 14:43:43 [INFO]: POST /calculate-primes-MT
Winston: 2025-02-03 14:43:44 [INFO]: POST /calculate-primes-MT
Winston: 2025-02-03 14:43:44 [INFO]: POST /calculate-primes-MT
Winston: 2025-02-03 14:43:44 [INFO]: POST /calculate-primes-MT
Winston: 2025-02-03 14:43:44 [INFO]: POST /calculate-primes-MT
Winston: 2025-02-03 14:43:45 [INFO]: POST /calculate-primes-MT
Winston: 2025-02-03 14:43:45 [INFO]: POST /calculate-primes-MT
Winston: 2025-02-03 14:43:46 [INFO]: POST /calculate-primes-MT
Winston: 2025-02-03 14:43:46 [INFO]: POST /calculate-primes-MT
Winston: 2025-02-03 14:43:46 [INFO]: POST /calculate-primes-MT
Winston: 2025-02-03 14:43:47 [INFO]: POST /calculate-primes-MT
Winston: 2025-02-03 14:43:47 [INFO]: POST /calculate-primes-MT
Winston: 2025-02-03 14:43:48 [INFO]: POST /calculate-primes-MT
Winston: 2025-02-03 14:43:48 [INFO]: POST /calculate-primes-MT
Winston: 2025-02-03 14:43:48 [INFO]: POST /calculate-primes-MT
Winston: 2025-02-03 14:43:48 [INFO]: POST /calculate-primes-MT
Winston: 2025-02-03 14:43:49 [INFO]: POST /calculate-primes-MT
Winston: 2025-02-03 14:43:50 [INFO]: POST /calculate-primes-MT
Winston: 2025-02-03 14:43:50 [INFO]: POST /calculate-primes-MT
Winston: 2025-02-03 14:43:50 [INFO]: POST /calculate-primes-MT
Winston: 2025-02-03 14:43:50 [INFO]: POST /calculate-primes-MT
Winston: 2025-02-03 14:43:50 [INFO]: POST /calculate-primes-MT
Winston: 2025-02-03 14:43:51 [INFO]: POST /calculate-primes-MT
Winston: 2025-02-03 14:43:52 [INFO]: POST /calculate-primes-MT
Winston: 2025-02-03 14:43:52 [INFO]: POST /calculate-primes-MT
Winston: 2025-02-03 14:43:52 [INFO]: POST /calculate-primes-MT
Winston: 2025-02-03 14:43:53 [INFO]: POST /calculate-primes-MT
Winston: 2025-02-03 14:43:53 [INFO]: POST /calculate-primes-MT
Winston: 2025-02-03 14:43:53 [INFO]: POST /calculate-primes-MT
Winston: 2025-02-03 14:43:54 [INFO]: POST /calculate-primes-MT
Winston: 2025-02-03 14:43:54 [INFO]: POST /calculate-primes-MT
Winston: 2025-02-03 14:43:54 [INFO]: POST /calculate-primes-MT
Winston: 2025-02-03 14:43:55 [INFO]: POST /calculate-primes-MT
Winston: 2025-02-03 14:43:56 [INFO]: POST /calculate-primes-MT
Winston: 2025-02-03 14:43:56 [INFO]: POST /calculate-primes-MT
Winston: 2025-02-03 14:43:57 [INFO]: POST /calculate-primes-MT
Winston: 2025-02-03 14:43:57 [INFO]: POST /calculate-primes-MT
Winston: 2025-02-03 14:43:58 [INFO]: POST /calculate-primes-MT
Winston: 2025-02-03 14:43:58 [INFO]: POST /calculate-primes-MT
Winston: 2025-02-03 14:43:58 [INFO]: POST /calculate-primes-MT
Winston: 2025-02-03 14:43:58 [INFO]: POST /calculate-primes-MT
Winston: 2025-02-03 14:43:58 [INFO]: POST /calculate-primes-MT
Winston: 2025-02-03 14:43:59 [INFO]: POST /calculate-primes-MT
Winston: 2025-02-03 14:44:00 [INFO]: POST /calculate-primes-MT
Winston: 2025-02-03 14:44:00 [INFO]: POST /calculate-primes-MT
Winston: 2025-02-03 14:44:01 [INFO]: POST /calculate-primes-MT
Winston: 2025-02-03 14:44:01 [INFO]: POST /calculate-primes-MT
Winston: 2025-02-03 14:44:01 [INFO]: POST /calculate-primes-MT
Winston: 2025-02-03 14:44:02 [INFO]: POST /calculate-primes-MT
Winston: 2025-02-03 14:44:02 [INFO]: POST /calculate-primes-MT
Winston: 2025-02-03 14:44:02 [INFO]: POST /calculate-primes-MT
Winston: 2025-02-03 14:44:02 [INFO]: POST /calculate-primes-MT
Winston: 2025-02-03 14:44:03 [INFO]: POST /calculate-primes-MT
Winston: 2025-02-03 14:44:03 [INFO]: POST /calculate-primes-MT
Winston: 2025-02-03 14:44:04 [INFO]: POST /calculate-primes-MT
Winston: 2025-02-03 14:44:04 [INFO]: POST /calculate-primes-MT
Winston: 2025-02-03 14:44:05 [INFO]: POST /calculate-primes-MT
Winston: 2025-02-03 14:44:05 [INFO]: POST /calculate-primes-MT
Winston: 2025-02-03 14:44:06 [INFO]: POST /calculate-primes-MT
Winston: 2025-02-03 14:44:06 [INFO]: POST /calculate-primes-MT
Winston: 2025-02-03 14:44:06 [INFO]: POST /calculate-primes-MT
Winston: 2025-02-03 14:44:06 [INFO]: POST /calculate-primes-MT
Winston: 2025-02-03 14:44:07 [INFO]: POST /calculate-primes-MT
Winston: 2025-02-03 14:44:07 [INFO]: POST /calculate-primes-MT
Winston: 2025-02-03 14:44:08 [INFO]: POST /calculate-primes-MT
Winston: 2025-02-03 14:44:08 [INFO]: POST /calculate-primes-MT
Winston: 2025-02-03 14:44:08 [INFO]: POST /calculate-primes-MT
Winston: 2025-02-03 14:44:09 [INFO]: POST /calculate-primes-MT
Winston: 2025-02-03 14:44:09 [INFO]: POST /calculate-primes-MT
Winston: 2025-02-03 14:44:09 [INFO]: POST /calculate-primes-MT
Winston: 2025-02-03 14:44:10 [INFO]: POST /calculate-primes-MT
Winston: 2025-02-03 14:44:10 [INFO]: POST /calculate-primes-MT
Winston: 2025-02-03 14:44:10 [INFO]: POST /calculate-primes-MT
Winston: 2025-02-03 14:44:11 [INFO]: POST /calculate-primes-MT
Winston: 2025-02-03 14:44:11 [INFO]: POST /calculate-primes-MT
Winston: 2025-02-03 14:46:08 [INFO]: POST /calculate-primes-MT
Winston: 2025-02-03 14:46:08 [INFO]: POST /calculate-primes-MT
Winston: 2025-02-03 14:46:08 [INFO]: POST /calculate-primes-MT
Winston: 2025-02-03 14:46:08 [INFO]: POST /calculate-primes-MT
Winston: 2025-02-03 14:46:08 [INFO]: POST /calculate-primes-MT
Winston: 2025-02-03 14:46:10 [INFO]: POST /calculate-primes-MT
Winston: 2025-02-03 14:46:11 [INFO]: POST /calculate-primes-MT
Winston: 2025-02-03 14:46:11 [INFO]: POST /calculate-primes-MT
Winston: 2025-02-03 14:46:11 [INFO]: POST /calculate-primes-MT
Winston: 2025-02-03 14:46:11 [INFO]: POST /calculate-primes-MT
Winston: 2025-02-03 14:46:14 [INFO]: POST /calculate-primes-MT
Winston: 2025-02-03 14:46:14 [INFO]: POST /calculate-primes-MT
Winston: 2025-02-03 14:46:14 [INFO]: POST /calculate-primes-MT
Winston: 2025-02-03 14:46:14 [INFO]: POST /calculate-primes-MT
Winston: 2025-02-03 14:46:14 [INFO]: POST /calculate-primes-MT
Winston: 2025-02-03 14:46:17 [INFO]: POST /calculate-primes-MT
Winston: 2025-02-03 14:46:17 [INFO]: POST /calculate-primes-MT
Winston: 2025-02-03 14:46:17 [INFO]: POST /calculate-primes-MT
Winston: 2025-02-03 14:46:17 [INFO]: POST /calculate-primes-MT
Winston: 2025-02-03 14:46:17 [INFO]: POST /calculate-primes-MT
Winston: 2025-02-03 14:46:17 [INFO]: POST /calculate-primes-MT
Winston: 2025-02-03 14:46:17 [INFO]: POST /calculate-primes-MT
Winston: 2025-02-03 14:46:17 [INFO]: POST /calculate-primes-MT
Winston: 2025-02-03 14:46:17 [INFO]: POST /calculate-primes-MT
Winston: 2025-02-03 14:46:18 [INFO]: POST /calculate-primes-MT
Winston: 2025-02-03 14:46:18 [INFO]: POST /calculate-primes-MT
Winston: 2025-02-03 14:46:18 [INFO]: POST /calculate-primes-MT
Winston: 2025-02-03 14:46:21 [INFO]: POST /calculate-primes-MT
Winston: 2025-02-03 14:46:21 [INFO]: POST /calculate-primes-MT
Winston: 2025-02-03 14:46:21 [INFO]: POST /calculate-primes-MT
Winston: 2025-02-03 14:46:21 [INFO]: POST /calculate-primes-MT
Winston: 2025-02-03 14:46:21 [INFO]: POST /calculate-primes-MT
Winston: 2025-02-03 14:46:21 [INFO]: POST /calculate-primes-MT
Winston: 2025-02-03 14:46:21 [INFO]: POST /calculate-primes-MT
Winston: 2025-02-03 14:46:21 [INFO]: POST /calculate-primes-MT
Winston: 2025-02-03 14:46:21 [INFO]: POST /calculate-primes-MT
Winston: 2025-02-03 14:46:21 [INFO]: POST /calculate-primes-MT
Winston: 2025-02-03 14:46:22 [INFO]: POST /calculate-primes-MT
Winston: 2025-02-03 14:46:22 [INFO]: POST /calculate-primes-MT
Winston: 2025-02-03 14:46:22 [INFO]: POST /calculate-primes-MT
Winston: 2025-02-03 14:46:22 [INFO]: POST /calculate-primes-MT
Winston: 2025-02-03 14:46:24 [INFO]: POST /calculate-primes-MT
Winston: 2025-02-03 14:46:24 [INFO]: POST /calculate-primes-MT
Winston: 2025-02-03 14:46:24 [INFO]: POST /calculate-primes-MT
Winston: 2025-02-03 14:46:24 [INFO]: POST /calculate-primes-MT
Winston: 2025-02-03 14:46:24 [INFO]: POST /calculate-primes-MT
Winston: 2025-02-03 14:46:25 [INFO]: POST /calculate-primes-MT
Winston: 2025-02-03 14:46:25 [INFO]: POST /calculate-primes-MT
Winston: 2025-02-03 14:46:25 [INFO]: POST /calculate-primes-MT
Winston: 2025-02-03 14:46:25 [INFO]: POST /calculate-primes-MT
Winston: 2025-02-03 14:46:25 [INFO]: POST /calculate-primes-MT
Winston: 2025-02-03 14:46:26 [INFO]: POST /calculate-primes-MT
Winston: 2025-02-03 14:46:26 [INFO]: POST /calculate-primes-MT
Winston: 2025-02-03 14:46:27 [INFO]: POST /calculate-primes-MT
Winston: 2025-02-03 14:46:27 [INFO]: POST /calculate-primes-MT
Winston: 2025-02-03 14:46:27 [INFO]: POST /calculate-primes-MT
Winston: 2025-02-03 14:46:28 [INFO]: POST /calculate-primes-MT
Winston: 2025-02-03 14:46:28 [INFO]: POST /calculate-primes-MT
Winston: 2025-02-03 14:46:28 [INFO]: POST /calculate-primes-MT
Winston: 2025-02-03 14:46:28 [INFO]: POST /calculate-primes-MT
Winston: 2025-02-03 14:46:28 [INFO]: POST /calculate-primes-MT
Winston: 2025-02-03 14:46:28 [INFO]: POST /calculate-primes-MT
Winston: 2025-02-03 14:46:29 [INFO]: POST /calculate-primes-MT
Winston: 2025-02-03 14:46:29 [INFO]: POST /calculate-primes-MT
Winston: 2025-02-03 14:46:29 [INFO]: POST /calculate-primes-MT
Winston: 2025-02-03 14:46:29 [INFO]: POST /calculate-primes-MT
Winston: 2025-02-03 14:46:31 [INFO]: POST /calculate-primes-MT
Winston: 2025-02-03 14:46:31 [INFO]: POST /calculate-primes-MT
Winston: 2025-02-03 14:46:31 [INFO]: POST /calculate-primes-MT
Winston: 2025-02-03 14:46:31 [INFO]: POST /calculate-primes-MT
Winston: 2025-02-03 14:46:31 [INFO]: POST /calculate-primes-MT
Winston: 2025-02-03 14:46:31 [INFO]: POST /calculate-primes-MT
Winston: 2025-02-03 14:46:32 [INFO]: POST /calculate-primes-MT
Winston: 2025-02-03 14:46:32 [INFO]: POST /calculate-primes-MT
Winston: 2025-02-03 14:46:32 [INFO]: POST /calculate-primes-MT
Winston: 2025-02-03 14:46:32 [INFO]: POST /calculate-primes-MT
Winston: 2025-02-03 14:46:32 [INFO]: POST /calculate-primes-MT
Winston: 2025-02-03 14:46:32 [INFO]: POST /calculate-primes-MT
Winston: 2025-02-03 14:46:34 [INFO]: POST /calculate-primes-MT
Winston: 2025-02-03 14:46:34 [INFO]: POST /calculate-primes-MT
Winston: 2025-02-03 14:46:34 [INFO]: POST /calculate-primes-MT
Winston: 2025-02-03 14:46:35 [INFO]: POST /calculate-primes-MT
Winston: 2025-02-03 14:46:35 [INFO]: POST /calculate-primes-MT
Winston: 2025-02-03 14:46:35 [INFO]: POST /calculate-primes-MT
Winston: 2025-02-03 14:46:35 [INFO]: POST /calculate-primes-MT
Winston: 2025-02-03 14:46:36 [INFO]: POST /calculate-primes-MT
Winston: 2025-02-03 14:46:36 [INFO]: POST /calculate-primes-MT
Winston: 2025-02-03 14:46:36 [INFO]: POST /calculate-primes-MT
Winston: 2025-02-03 14:46:36 [INFO]: POST /calculate-primes-MT
Winston: 2025-02-03 14:46:36 [INFO]: POST /calculate-primes-MT
Winston: 2025-02-03 14:46:36 [INFO]: POST /calculate-primes-MT
Winston: 2025-02-03 14:46:37 [INFO]: POST /calculate-primes-MT
Winston: 2025-02-03 14:46:38 [INFO]: POST /calculate-primes-MT
Winston: 2025-02-03 14:46:38 [INFO]: POST /calculate-primes-MT
Winston: 2025-02-03 14:46:38 [INFO]: POST /calculate-primes-MT
Winston: 2025-02-03 14:46:38 [INFO]: POST /calculate-primes-MT
Winston: 2025-02-03 14:46:38 [INFO]: POST /calculate-primes-MT
Winston: 2025-02-03 14:46:38 [INFO]: POST /calculate-primes-MT
Winston: 2025-02-03 14:46:38 [INFO]: POST /calculate-primes-MT
Winston: 2025-02-03 14:46:40 [INFO]: POST /calculate-primes-MT
Winston: 2025-02-03 14:46:40 [INFO]: POST /calculate-primes-MT
Winston: 2025-02-03 14:46:40 [INFO]: POST /calculate-primes-MT
Winston: 2025-02-03 14:46:40 [INFO]: POST /calculate-primes-MT
Winston: 2025-02-03 14:46:40 [INFO]: POST /calculate-primes-MT
Winston: 2025-02-03 14:46:40 [INFO]: POST /calculate-primes-MT
Winston: 2025-02-03 14:46:42 [INFO]: POST /calculate-primes-MT
Winston: 2025-02-03 14:46:42 [INFO]: POST /calculate-primes-MT
Winston: 2025-02-03 14:46:42 [INFO]: POST /calculate-primes-MT
Winston: 2025-02-03 14:46:42 [INFO]: POST /calculate-primes-MT
Winston: 2025-02-03 14:46:42 [INFO]: POST /calculate-primes-MT
Winston: 2025-02-03 14:46:42 [INFO]: POST /calculate-primes-MT
Winston: 2025-02-03 14:46:43 [INFO]: POST /calculate-primes-MT
Winston: 2025-02-03 14:46:44 [INFO]: POST /calculate-primes-MT
Winston: 2025-02-03 14:46:44 [INFO]: POST /calculate-primes-MT
Winston: 2025-02-03 14:46:44 [INFO]: POST /calculate-primes-MT
Winston: 2025-02-03 14:46:44 [INFO]: POST /calculate-primes-MT
Winston: 2025-02-03 14:46:44 [INFO]: POST /calculate-primes-MT
Winston: 2025-02-03 14:46:45 [INFO]: POST /calculate-primes-MT
Winston: 2025-02-03 14:46:45 [INFO]: POST /calculate-primes-MT
Winston: 2025-02-03 14:46:45 [INFO]: POST /calculate-primes-MT
Winston: 2025-02-03 14:46:45 [INFO]: POST /calculate-primes-MT
Winston: 2025-02-03 14:46:45 [INFO]: POST /calculate-primes-MT
Winston: 2025-02-03 14:46:45 [INFO]: POST /calculate-primes-MT
Winston: 2025-02-03 14:46:45 [INFO]: POST /calculate-primes-MT
Winston: 2025-02-03 14:46:47 [INFO]: POST /calculate-primes-MT
Winston: 2025-02-03 14:46:47 [INFO]: POST /calculate-primes-MT
Winston: 2025-02-03 14:46:47 [INFO]: POST /calculate-primes-MT
Winston: 2025-02-03 14:46:47 [INFO]: POST /calculate-primes-MT
Winston: 2025-02-03 14:46:48 [INFO]: POST /calculate-primes-MT
Winston: 2025-02-03 14:46:48 [INFO]: POST /calculate-primes-MT
Winston: 2025-02-03 14:46:49 [INFO]: POST /calculate-primes-MT
Winston: 2025-02-03 14:46:49 [INFO]: POST /calculate-primes-MT
Winston: 2025-02-03 14:46:49 [INFO]: POST /calculate-primes-MT
Winston: 2025-02-03 14:46:49 [INFO]: POST /calculate-primes-MT
Winston: 2025-02-03 14:46:49 [INFO]: POST /calculate-primes-MT
Winston: 2025-02-03 14:46:49 [INFO]: POST /calculate-primes-MT
Winston: 2025-02-03 14:46:51 [INFO]: POST /calculate-primes-MT
Winston: 2025-02-03 14:46:51 [INFO]: POST /calculate-primes-MT
Winston: 2025-02-03 14:46:51 [INFO]: POST /calculate-primes-MT
Winston: 2025-02-03 14:46:51 [INFO]: POST /calculate-primes-MT
Winston: 2025-02-03 14:46:51 [INFO]: POST /calculate-primes-MT
Winston: 2025-02-03 14:46:51 [INFO]: POST /calculate-primes-MT
Winston: 2025-02-03 14:46:51 [INFO]: POST /calculate-primes-MT
Winston: 2025-02-03 14:46:51 [INFO]: POST /calculate-primes-MT
Winston: 2025-02-03 14:46:53 [INFO]: POST /calculate-primes-MT
Winston: 2025-02-03 14:46:53 [INFO]: POST /calculate-primes-MT
Winston: 2025-02-03 14:46:53 [INFO]: POST /calculate-primes-MT
Winston: 2025-02-03 14:46:53 [INFO]: POST /calculate-primes-MT
Winston: 2025-02-03 14:46:54 [INFO]: POST /calculate-primes-MT
Winston: 2025-02-03 14:46:54 [INFO]: POST /calculate-primes-MT
Winston: 2025-02-03 14:46:54 [INFO]: POST /calculate-primes-MT
Winston: 2025-02-03 14:46:55 [INFO]: POST /calculate-primes-MT
Winston: 2025-02-03 14:46:55 [INFO]: POST /calculate-primes-MT
Winston: 2025-02-03 14:46:55 [INFO]: POST /calculate-primes-MT
Winston: 2025-02-03 14:46:55 [INFO]: POST /calculate-primes-MT
Winston: 2025-02-03 14:46:55 [INFO]: POST /calculate-primes-MT
Winston: 2025-02-03 14:46:55 [INFO]: POST /calculate-primes-MT
Winston: 2025-02-03 14:46:56 [INFO]: POST /calculate-primes-MT
Winston: 2025-02-03 14:46:56 [INFO]: POST /calculate-primes-MT
Winston: 2025-02-03 14:46:56 [INFO]: POST /calculate-primes-MT
Winston: 2025-02-03 14:46:56 [INFO]: POST /calculate-primes-MT
Winston: 2025-02-03 14:46:57 [INFO]: POST /calculate-primes-MT
Winston: 2025-02-03 14:46:57 [INFO]: POST /calculate-primes-MT
Winston: 2025-02-03 14:46:58 [INFO]: POST /calculate-primes-MT
Winston: 2025-02-03 14:46:58 [INFO]: POST /calculate-primes-MT
Winston: 2025-02-03 14:46:58 [INFO]: POST /calculate-primes-MT
Winston: 2025-02-03 14:46:58 [INFO]: POST /calculate-primes-MT
Winston: 2025-02-03 14:46:58 [INFO]: POST /calculate-primes-MT
Winston: 2025-02-03 14:46:59 [INFO]: POST /calculate-primes-MT
Winston: 2025-02-03 14:46:59 [INFO]: POST /calculate-primes-MT
Winston: 2025-02-03 14:46:59 [INFO]: POST /calculate-primes-MT
Winston: 2025-02-03 14:46:59 [INFO]: POST /calculate-primes-MT
Winston: 2025-02-03 14:46:59 [INFO]: POST /calculate-primes-MT
Winston: 2025-02-03 14:47:01 [INFO]: POST /calculate-primes-MT
Winston: 2025-02-03 14:47:01 [INFO]: POST /calculate-primes-MT
Winston: 2025-02-03 14:47:01 [INFO]: POST /calculate-primes-MT
Winston: 2025-02-03 14:47:01 [INFO]: POST /calculate-primes-MT
Winston: 2025-02-03 14:47:01 [INFO]: POST /calculate-primes-MT
Winston: 2025-02-03 14:47:02 [INFO]: POST /calculate-primes-MT
Winston: 2025-02-03 14:47:02 [INFO]: POST /calculate-primes-MT
Winston: 2025-02-03 14:47:02 [INFO]: POST /calculate-primes-MT
Winston: 2025-02-03 14:47:03 [INFO]: POST /calculate-primes-MT
Winston: 2025-02-03 14:47:03 [INFO]: POST /calculate-primes-MT
Winston: 2025-02-03 14:47:03 [INFO]: POST /calculate-primes-MT
Winston: 2025-02-03 14:47:04 [INFO]: POST /calculate-primes-MT
Winston: 2025-02-03 14:47:05 [INFO]: POST /calculate-primes-MT
Winston: 2025-02-03 14:47:05 [INFO]: POST /calculate-primes-MT
Winston: 2025-02-03 14:47:06 [INFO]: POST /calculate-primes-MT
Winston: 2025-02-03 14:47:07 [INFO]: POST /calculate-primes-MT
Winston: 2025-02-03 14:47:07 [INFO]: POST /calculate-primes-MT
Winston: 2025-02-03 14:47:08 [INFO]: POST /calculate-primes-MT
Winston: 2025-02-03 14:47:09 [INFO]: POST /calculate-primes-MT
Winston: 2025-02-03 14:47:09 [INFO]: POST /calculate-primes-MT
Winston: 2025-02-03 14:47:09 [INFO]: POST /calculate-primes-MT
Winston: 2025-02-03 14:50:38 [INFO]: POST /calculate-primes-MT
Winston: 2025-02-03 14:50:38 [INFO]: POST /calculate-primes-MT
Winston: 2025-02-03 14:50:38 [INFO]: POST /calculate-primes-MT
Winston: 2025-02-03 14:50:38 [INFO]: POST /calculate-primes-MT
Winston: 2025-02-03 14:50:38 [INFO]: POST /calculate-primes-MT
Winston: 2025-02-03 14:50:41 [INFO]: POST /calculate-primes-MT
Winston: 2025-02-03 14:50:41 [INFO]: POST /calculate-primes-MT
Winston: 2025-02-03 14:50:41 [INFO]: POST /calculate-primes-MT
Winston: 2025-02-03 14:50:41 [INFO]: POST /calculate-primes-MT
Winston: 2025-02-03 14:50:41 [INFO]: POST /calculate-primes-MT
Winston: 2025-02-03 14:50:44 [INFO]: POST /calculate-primes-MT
Winston: 2025-02-03 14:50:44 [INFO]: POST /calculate-primes-MT
Winston: 2025-02-03 14:50:44 [INFO]: POST /calculate-primes-MT
Winston: 2025-02-03 14:50:45 [INFO]: POST /calculate-primes-MT
Winston: 2025-02-03 14:50:45 [INFO]: POST /calculate-primes-MT
Winston: 2025-02-03 14:50:47 [INFO]: POST /calculate-primes-MT
Winston: 2025-02-03 14:50:47 [INFO]: POST /calculate-primes-MT
Winston: 2025-02-03 14:50:47 [INFO]: POST /calculate-primes-MT
Winston: 2025-02-03 14:50:47 [INFO]: POST /calculate-primes-MT
Winston: 2025-02-03 14:50:47 [INFO]: POST /calculate-primes-MT
Winston: 2025-02-03 14:50:47 [INFO]: POST /calculate-primes-MT
Winston: 2025-02-03 14:50:47 [INFO]: POST /calculate-primes-MT
Winston: 2025-02-03 14:50:47 [INFO]: POST /calculate-primes-MT
Winston: 2025-02-03 14:50:48 [INFO]: POST /calculate-primes-MT
Winston: 2025-02-03 14:50:48 [INFO]: POST /calculate-primes-MT
Winston: 2025-02-03 14:50:48 [INFO]: POST /calculate-primes-MT
Winston: 2025-02-03 14:50:48 [INFO]: POST /calculate-primes-MT
Winston: 2025-02-03 14:50:51 [INFO]: POST /calculate-primes-MT
Winston: 2025-02-03 14:50:51 [INFO]: POST /calculate-primes-MT
Winston: 2025-02-03 14:50:51 [INFO]: POST /calculate-primes-MT
Winston: 2025-02-03 14:50:51 [INFO]: POST /calculate-primes-MT
Winston: 2025-02-03 14:50:51 [INFO]: POST /calculate-primes-MT
Winston: 2025-02-03 14:50:51 [INFO]: POST /calculate-primes-MT
Winston: 2025-02-03 14:50:51 [INFO]: POST /calculate-primes-MT
Winston: 2025-02-03 14:50:51 [INFO]: POST /calculate-primes-MT
Winston: 2025-02-03 14:50:51 [INFO]: POST /calculate-primes-MT
Winston: 2025-02-03 14:50:52 [INFO]: POST /calculate-primes-MT
Winston: 2025-02-03 14:50:52 [INFO]: POST /calculate-primes-MT
Winston: 2025-02-03 14:50:52 [INFO]: POST /calculate-primes-MT
Winston: 2025-02-03 14:50:53 [INFO]: POST /calculate-primes-MT
Winston: 2025-02-03 14:50:54 [INFO]: POST /calculate-primes-MT
Winston: 2025-02-03 14:50:54 [INFO]: POST /calculate-primes-MT
Winston: 2025-02-03 14:50:54 [INFO]: POST /calculate-primes-MT
Winston: 2025-02-03 14:50:54 [INFO]: POST /calculate-primes-MT
Winston: 2025-02-03 14:50:54 [INFO]: POST /calculate-primes-MT
Winston: 2025-02-03 14:50:54 [INFO]: POST /calculate-primes-MT
Winston: 2025-02-03 14:50:54 [INFO]: POST /calculate-primes-MT
Winston: 2025-02-03 14:50:54 [INFO]: POST /calculate-primes-MT
Winston: 2025-02-03 14:50:55 [INFO]: POST /calculate-primes-MT
Winston: 2025-02-03 14:50:55 [INFO]: POST /calculate-primes-MT
Winston: 2025-02-03 14:50:55 [INFO]: POST /calculate-primes-MT
Winston: 2025-02-03 14:50:55 [INFO]: POST /calculate-primes-MT
Winston: 2025-02-03 14:50:57 [INFO]: POST /calculate-primes-MT
Winston: 2025-02-03 14:50:57 [INFO]: POST /calculate-primes-MT
Winston: 2025-02-03 14:50:57 [INFO]: POST /calculate-primes-MT
Winston: 2025-02-03 14:50:57 [INFO]: POST /calculate-primes-MT
Winston: 2025-02-03 14:50:57 [INFO]: POST /calculate-primes-MT
Winston: 2025-02-03 14:50:57 [INFO]: POST /calculate-primes-MT
Winston: 2025-02-03 14:50:57 [INFO]: POST /calculate-primes-MT
Winston: 2025-02-03 14:50:58 [INFO]: POST /calculate-primes-MT
Winston: 2025-02-03 14:50:58 [INFO]: POST /calculate-primes-MT
Winston: 2025-02-03 14:50:58 [INFO]: POST /calculate-primes-MT
Winston: 2025-02-03 14:50:59 [INFO]: POST /calculate-primes-MT
Winston: 2025-02-03 14:50:59 [INFO]: POST /calculate-primes-MT
Winston: 2025-02-03 14:51:00 [INFO]: POST /calculate-primes-MT
Winston: 2025-02-03 14:51:00 [INFO]: POST /calculate-primes-MT
Winston: 2025-02-03 14:51:00 [INFO]: POST /calculate-primes-MT
Winston: 2025-02-03 14:51:00 [INFO]: POST /calculate-primes-MT
Winston: 2025-02-03 14:51:00 [INFO]: POST /calculate-primes-MT
Winston: 2025-02-03 14:51:00 [INFO]: POST /calculate-primes-MT
Winston: 2025-02-03 14:51:00 [INFO]: POST /calculate-primes-MT
Winston: 2025-02-03 14:51:00 [INFO]: POST /calculate-primes-MT
Winston: 2025-02-03 14:51:02 [INFO]: POST /calculate-primes-MT
Winston: 2025-02-03 14:51:02 [INFO]: POST /calculate-primes-MT
Winston: 2025-02-03 14:51:02 [INFO]: POST /calculate-primes-MT
Winston: 2025-02-03 14:51:02 [INFO]: POST /calculate-primes-MT
Winston: 2025-02-03 14:51:04 [INFO]: POST /calculate-primes-MT
Winston: 2025-02-03 14:51:04 [INFO]: POST /calculate-primes-MT
Winston: 2025-02-03 14:51:04 [INFO]: POST /calculate-primes-MT
Winston: 2025-02-03 14:51:04 [INFO]: POST /calculate-primes-MT
Winston: 2025-02-03 14:51:04 [INFO]: POST /calculate-primes-MT
Winston: 2025-02-03 14:51:04 [INFO]: POST /calculate-primes-MT
Winston: 2025-02-03 14:51:04 [INFO]: POST /calculate-primes-MT
Winston: 2025-02-03 14:51:04 [INFO]: POST /calculate-primes-MT
Winston: 2025-02-03 14:51:05 [INFO]: POST /calculate-primes-MT
Winston: 2025-02-03 14:51:05 [INFO]: POST /calculate-primes-MT
Winston: 2025-02-03 14:51:05 [INFO]: POST /calculate-primes-MT
Winston: 2025-02-03 14:51:05 [INFO]: POST /calculate-primes-MT
Winston: 2025-02-03 14:51:07 [INFO]: POST /calculate-primes-MT
Winston: 2025-02-03 14:51:07 [INFO]: POST /calculate-primes-MT
Winston: 2025-02-03 14:51:07 [INFO]: POST /calculate-primes-MT
Winston: 2025-02-03 14:51:07 [INFO]: POST /calculate-primes-MT
Winston: 2025-02-03 14:51:07 [INFO]: POST /calculate-primes-MT
Winston: 2025-02-03 14:51:07 [INFO]: POST /calculate-primes-MT
Winston: 2025-02-03 14:51:07 [INFO]: POST /calculate-primes-MT
Winston: 2025-02-03 14:51:08 [INFO]: POST /calculate-primes-MT
Winston: 2025-02-03 14:51:08 [INFO]: POST /calculate-primes-MT
Winston: 2025-02-03 14:51:09 [INFO]: POST /calculate-primes-MT
Winston: 2025-02-03 14:51:09 [INFO]: POST /calculate-primes-MT
Winston: 2025-02-03 14:51:09 [INFO]: POST /calculate-primes-MT
Winston: 2025-02-03 14:51:10 [INFO]: POST /calculate-primes-MT
Winston: 2025-02-03 14:51:10 [INFO]: POST /calculate-primes-MT
Winston: 2025-02-03 14:51:11 [INFO]: POST /calculate-primes-MT
Winston: 2025-02-03 14:51:11 [INFO]: POST /calculate-primes-MT
Winston: 2025-02-03 14:51:11 [INFO]: POST /calculate-primes-MT
Winston: 2025-02-03 14:51:11 [INFO]: POST /calculate-primes-MT
Winston: 2025-02-03 14:51:11 [INFO]: POST /calculate-primes-MT
Winston: 2025-02-03 14:51:11 [INFO]: POST /calculate-primes-MT
Winston: 2025-02-03 14:51:12 [INFO]: POST /calculate-primes-MT
Winston: 2025-02-03 14:51:12 [INFO]: POST /calculate-primes-MT
Winston: 2025-02-03 14:51:12 [INFO]: POST /calculate-primes-MT
Winston: 2025-02-03 14:51:12 [INFO]: POST /calculate-primes-MT
Winston: 2025-02-03 14:51:14 [INFO]: POST /calculate-primes-MT
Winston: 2025-02-03 14:51:14 [INFO]: POST /calculate-primes-MT
Winston: 2025-02-03 14:51:14 [INFO]: POST /calculate-primes-MT
Winston: 2025-02-03 14:51:14 [INFO]: POST /calculate-primes-MT
Winston: 2025-02-03 14:51:14 [INFO]: POST /calculate-primes-MT
Winston: 2025-02-03 14:51:14 [INFO]: POST /calculate-primes-MT
Winston: 2025-02-03 14:51:14 [INFO]: POST /calculate-primes-MT
Winston: 2025-02-03 14:51:14 [INFO]: POST /calculate-primes-MT
Winston: 2025-02-03 14:51:15 [INFO]: POST /calculate-primes-MT
Winston: 2025-02-03 14:51:15 [INFO]: POST /calculate-primes-MT
Winston: 2025-02-03 14:51:15 [INFO]: POST /calculate-primes-MT
Winston: 2025-02-03 14:51:15 [INFO]: POST /calculate-primes-MT
Winston: 2025-02-03 14:51:18 [INFO]: POST /calculate-primes-MT
Winston: 2025-02-03 14:51:18 [INFO]: POST /calculate-primes-MT
Winston: 2025-02-03 14:51:18 [INFO]: POST /calculate-primes-MT
Winston: 2025-02-03 14:51:18 [INFO]: POST /calculate-primes-MT
Winston: 2025-02-03 14:51:18 [INFO]: POST /calculate-primes-MT
Winston: 2025-02-03 14:51:18 [INFO]: POST /calculate-primes-MT
Winston: 2025-02-03 14:51:18 [INFO]: POST /calculate-primes-MT
Winston: 2025-02-03 14:51:18 [INFO]: POST /calculate-primes-MT
Winston: 2025-02-03 14:51:18 [INFO]: POST /calculate-primes-MT
Winston: 2025-02-03 14:51:19 [INFO]: POST /calculate-primes-MT
Winston: 2025-02-03 14:51:19 [INFO]: POST /calculate-primes-MT
Winston: 2025-02-03 14:51:19 [INFO]: POST /calculate-primes-MT
Winston: 2025-02-03 14:51:21 [INFO]: POST /calculate-primes-MT
Winston: 2025-02-03 14:51:21 [INFO]: POST /calculate-primes-MT
Winston: 2025-02-03 14:51:21 [INFO]: POST /calculate-primes-MT
Winston: 2025-02-03 14:51:21 [INFO]: POST /calculate-primes-MT
Winston: 2025-02-03 14:51:21 [INFO]: POST /calculate-primes-MT
Winston: 2025-02-03 14:51:21 [INFO]: POST /calculate-primes-MT
Winston: 2025-02-03 14:51:21 [INFO]: POST /calculate-primes-MT
Winston: 2025-02-03 14:51:21 [INFO]: POST /calculate-primes-MT
Winston: 2025-02-03 14:51:22 [INFO]: POST /calculate-primes-MT
Winston: 2025-02-03 14:51:22 [INFO]: POST /calculate-primes-MT
Winston: 2025-02-03 14:51:22 [INFO]: POST /calculate-primes-MT
Winston: 2025-02-03 14:51:22 [INFO]: POST /calculate-primes-MT
Winston: 2025-02-03 14:51:24 [INFO]: POST /calculate-primes-MT
Winston: 2025-02-03 14:51:24 [INFO]: POST /calculate-primes-MT
Winston: 2025-02-03 14:51:24 [INFO]: POST /calculate-primes-MT
Winston: 2025-02-03 14:51:24 [INFO]: POST /calculate-primes-MT
Winston: 2025-02-03 14:51:24 [INFO]: POST /calculate-primes-MT
Winston: 2025-02-03 14:51:24 [INFO]: POST /calculate-primes-MT
Winston: 2025-02-03 14:51:24 [INFO]: POST /calculate-primes-MT
Winston: 2025-02-03 14:51:24 [INFO]: POST /calculate-primes-MT
Winston: 2025-02-03 14:51:25 [INFO]: POST /calculate-primes-MT
Winston: 2025-02-03 14:51:25 [INFO]: POST /calculate-primes-MT
Winston: 2025-02-03 14:51:25 [INFO]: POST /calculate-primes-MT
Winston: 2025-02-03 14:51:26 [INFO]: POST /calculate-primes-MT
Winston: 2025-02-03 14:51:26 [INFO]: POST /calculate-primes-MT
Winston: 2025-02-03 14:51:28 [INFO]: POST /calculate-primes-MT
Winston: 2025-02-03 14:51:28 [INFO]: POST /calculate-primes-MT
Winston: 2025-02-03 14:51:28 [INFO]: POST /calculate-primes-MT
Winston: 2025-02-03 14:51:28 [INFO]: POST /calculate-primes-MT
Winston: 2025-02-03 14:51:28 [INFO]: POST /calculate-primes-MT
Winston: 2025-02-03 14:51:28 [INFO]: POST /calculate-primes-MT
Winston: 2025-02-03 14:51:28 [INFO]: POST /calculate-primes-MT
Winston: 2025-02-03 14:51:29 [INFO]: POST /calculate-primes-MT
Winston: 2025-02-03 14:51:29 [INFO]: POST /calculate-primes-MT
Winston: 2025-02-03 14:51:29 [INFO]: POST /calculate-primes-MT
Winston: 2025-02-03 14:51:29 [INFO]: POST /calculate-primes-MT
Winston: 2025-02-03 14:51:29 [INFO]: POST /calculate-primes-MT
Winston: 2025-02-03 14:51:31 [INFO]: POST /calculate-primes-MT
Winston: 2025-02-03 14:51:31 [INFO]: POST /calculate-primes-MT
Winston: 2025-02-03 14:51:31 [INFO]: POST /calculate-primes-MT
Winston: 2025-02-03 14:51:31 [INFO]: POST /calculate-primes-MT
Winston: 2025-02-03 14:51:31 [INFO]: POST /calculate-primes-MT
Winston: 2025-02-03 14:51:31 [INFO]: POST /calculate-primes-MT
Winston: 2025-02-03 14:51:31 [INFO]: POST /calculate-primes-MT
Winston: 2025-02-03 14:51:32 [INFO]: POST /calculate-primes-MT
Winston: 2025-02-03 14:51:32 [INFO]: POST /calculate-primes-MT
Winston: 2025-02-03 14:51:32 [INFO]: POST /calculate-primes-MT
Winston: 2025-02-03 14:51:32 [INFO]: POST /calculate-primes-MT
Winston: 2025-02-03 14:51:33 [INFO]: POST /calculate-primes-MT
Winston: 2025-02-03 14:51:34 [INFO]: POST /calculate-primes-MT
Winston: 2025-02-03 14:51:35 [INFO]: POST /calculate-primes-MT
Winston: 2025-02-03 14:51:36 [INFO]: POST /calculate-primes-MT
Winston: 2025-02-03 14:51:36 [INFO]: POST /calculate-primes-MT
Winston: 2025-02-03 14:51:36 [INFO]: POST /calculate-primes-MT
Winston: 2025-02-03 14:51:37 [INFO]: POST /calculate-primes-MT
Winston: 2025-02-03 14:51:39 [INFO]: POST /calculate-primes-MT
Winston: 2025-02-03 14:51:39 [INFO]: POST /calculate-primes-MT
Winston: 2025-02-03 14:51:40 [INFO]: POST /calculate-primes-MT
Winston: 2025-02-03 14:51:40 [INFO]: POST /calculate-primes-MT
Winston: 2025-02-03 14:52:09 [INFO]: POST /calculate-primes-ST
Winston: 2025-02-03 14:52:11 [INFO]: POST /calculate-primes-ST
Winston: 2025-02-03 14:52:12 [INFO]: POST /calculate-primes-ST
Winston: 2025-02-03 14:52:14 [INFO]: POST /calculate-primes-ST
Winston: 2025-02-03 14:52:16 [INFO]: POST /calculate-primes-ST
Winston: 2025-02-03 14:52:18 [INFO]: POST /calculate-primes-ST
Winston: 2025-02-03 14:52:19 [INFO]: POST /calculate-primes-ST
Winston: 2025-02-03 14:52:21 [INFO]: POST /calculate-primes-ST
Winston: 2025-02-03 14:52:23 [INFO]: POST /calculate-primes-ST
Winston: 2025-02-03 14:52:24 [INFO]: POST /calculate-primes-ST
Winston: 2025-02-03 14:52:26 [INFO]: POST /calculate-primes-ST
Winston: 2025-02-03 14:52:28 [INFO]: POST /calculate-primes-ST
Winston: 2025-02-03 14:52:29 [INFO]: POST /calculate-primes-ST
Winston: 2025-02-03 14:52:31 [INFO]: POST /calculate-primes-ST
Winston: 2025-02-03 14:52:33 [INFO]: POST /calculate-primes-ST
Winston: 2025-02-03 14:52:34 [INFO]: POST /calculate-primes-ST
Winston: 2025-02-03 14:52:36 [INFO]: POST /calculate-primes-ST
Winston: 2025-02-03 14:52:38 [INFO]: POST /calculate-primes-ST
Winston: 2025-02-03 14:52:40 [INFO]: POST /calculate-primes-ST
Winston: 2025-02-03 14:52:42 [INFO]: POST /calculate-primes-ST
Winston: 2025-02-03 14:52:44 [INFO]: POST /calculate-primes-ST
Winston: 2025-02-03 14:52:45 [INFO]: POST /calculate-primes-ST
Winston: 2025-02-03 14:52:47 [INFO]: POST /calculate-primes-ST
Winston: 2025-02-03 14:52:49 [INFO]: POST /calculate-primes-ST
Winston: 2025-02-03 14:52:51 [INFO]: POST /calculate-primes-ST
Winston: 2025-02-03 14:52:52 [INFO]: POST /calculate-primes-ST
Winston: 2025-02-03 14:52:54 [INFO]: POST /calculate-primes-ST
Winston: 2025-02-03 14:52:56 [INFO]: POST /calculate-primes-ST
Winston: 2025-02-03 14:52:58 [INFO]: POST /calculate-primes-ST
Winston: 2025-02-03 14:52:59 [INFO]: POST /calculate-primes-ST
Winston: 2025-02-03 14:53:01 [INFO]: POST /calculate-primes-ST
Winston: 2025-02-03 14:53:03 [INFO]: POST /calculate-primes-ST
Winston: 2025-02-03 14:53:04 [INFO]: POST /calculate-primes-ST
Winston: 2025-02-03 14:53:06 [INFO]: POST /calculate-primes-ST
Winston: 2025-02-03 14:53:07 [INFO]: POST /calculate-primes-ST
Winston: 2025-02-03 14:53:10 [INFO]: POST /calculate-primes-ST
Winston: 2025-02-03 14:53:12 [INFO]: POST /calculate-primes-ST
Winston: 2025-02-03 14:53:15 [INFO]: POST /calculate-primes-ST
Winston: 2025-02-03 14:53:17 [INFO]: POST /calculate-primes-ST
Winston: 2025-02-03 14:53:19 [INFO]: POST /calculate-primes-ST
Winston: 2025-02-03 14:53:22 [INFO]: POST /calculate-primes-ST
Winston: 2025-02-03 14:53:24 [INFO]: POST /calculate-primes-ST
Winston: 2025-02-03 14:53:26 [INFO]: POST /calculate-primes-ST
Winston: 2025-02-03 14:53:28 [INFO]: POST /calculate-primes-ST
Winston: 2025-02-03 14:53:31 [INFO]: POST /calculate-primes-ST
Winston: 2025-02-03 14:53:33 [INFO]: POST /calculate-primes-ST
Winston: 2025-02-03 14:53:35 [INFO]: POST /calculate-primes-ST
Winston: 2025-02-03 14:53:38 [INFO]: POST /calculate-primes-ST
Winston: 2025-02-03 14:53:40 [INFO]: POST /calculate-primes-ST
Winston: 2025-02-03 14:53:42 [INFO]: POST /calculate-primes-ST
Winston: 2025-02-03 14:57:38 [INFO]: POST /calculate-primes-ST
Winston: 2025-02-03 14:57:40 [INFO]: POST /calculate-primes-ST
Winston: 2025-02-03 14:57:42 [INFO]: POST /calculate-primes-ST
Winston: 2025-02-03 14:57:45 [INFO]: POST /calculate-primes-ST
Winston: 2025-02-03 14:57:47 [INFO]: POST /calculate-primes-ST
Winston: 2025-02-03 14:57:49 [INFO]: POST /calculate-primes-ST
Winston: 2025-02-03 14:57:52 [INFO]: POST /calculate-primes-ST
Winston: 2025-02-03 14:57:54 [INFO]: POST /calculate-primes-ST
Winston: 2025-02-03 14:57:56 [INFO]: POST /calculate-primes-ST
Winston: 2025-02-03 14:57:59 [INFO]: POST /calculate-primes-ST
Winston: 2025-02-03 14:58:01 [INFO]: POST /calculate-primes-ST
Winston: 2025-02-03 14:58:03 [INFO]: POST /calculate-primes-ST
Winston: 2025-02-03 14:58:06 [INFO]: POST /calculate-primes-ST
Winston: 2025-02-03 14:58:08 [INFO]: POST /calculate-primes-ST
Winston: 2025-02-03 14:58:10 [INFO]: POST /calculate-primes-ST
Winston: 2025-02-03 14:58:13 [INFO]: POST /calculate-primes-ST
Winston: 2025-02-03 14:58:15 [INFO]: POST /calculate-primes-ST
Winston: 2025-02-03 14:58:17 [INFO]: POST /calculate-primes-ST
Winston: 2025-02-03 14:58:20 [INFO]: POST /calculate-primes-ST
Winston: 2025-02-03 14:58:22 [INFO]: POST /calculate-primes-ST
Winston: 2025-02-03 14:58:24 [INFO]: POST /calculate-primes-ST
Winston: 2025-02-03 14:58:27 [INFO]: POST /calculate-primes-ST
Winston: 2025-02-03 14:58:29 [INFO]: POST /calculate-primes-ST
Winston: 2025-02-03 14:58:32 [INFO]: POST /calculate-primes-ST
Winston: 2025-02-03 14:58:34 [INFO]: POST /calculate-primes-ST
Winston: 2025-02-03 14:58:37 [INFO]: POST /calculate-primes-ST
Winston: 2025-02-03 14:58:39 [INFO]: POST /calculate-primes-ST
Winston: 2025-02-03 14:58:41 [INFO]: POST /calculate-primes-ST
Winston: 2025-02-03 14:58:44 [INFO]: POST /calculate-primes-ST
Winston: 2025-02-03 14:58:46 [INFO]: POST /calculate-primes-ST
Winston: 2025-02-03 14:58:48 [INFO]: POST /calculate-primes-ST
Winston: 2025-02-03 14:58:51 [INFO]: POST /calculate-primes-ST
Winston: 2025-02-03 14:58:53 [INFO]: POST /calculate-primes-ST
Winston: 2025-02-03 14:58:56 [INFO]: POST /calculate-primes-ST
Winston: 2025-02-03 14:58:58 [INFO]: POST /calculate-primes-ST
Winston: 2025-02-03 14:59:00 [INFO]: POST /calculate-primes-ST
Winston: 2025-02-03 14:59:03 [INFO]: POST /calculate-primes-ST
Winston: 2025-02-03 14:59:05 [INFO]: POST /calculate-primes-ST
Winston: 2025-02-03 14:59:08 [INFO]: POST /calculate-primes-ST
Winston: 2025-02-03 14:59:10 [INFO]: POST /calculate-primes-ST
Winston: 2025-02-03 14:59:12 [INFO]: POST /calculate-primes-ST
Winston: 2025-02-03 14:59:14 [INFO]: POST /calculate-primes-ST
Winston: 2025-02-03 14:59:17 [INFO]: POST /calculate-primes-ST
Winston: 2025-02-03 14:59:19 [INFO]: POST /calculate-primes-ST
Winston: 2025-02-03 14:59:21 [INFO]: POST /calculate-primes-ST
Winston: 2025-02-03 14:59:24 [INFO]: POST /calculate-primes-ST
Winston: 2025-02-03 14:59:26 [INFO]: POST /calculate-primes-ST
Winston: 2025-02-03 14:59:28 [INFO]: POST /calculate-primes-ST
Winston: 2025-02-03 14:59:31 [INFO]: POST /calculate-primes-ST
Winston: 2025-02-03 14:59:33 [INFO]: POST /calculate-primes-ST
Winston: 2025-02-03 14:59:36 [INFO]: POST /calculate-primes-ST
Winston: 2025-02-03 14:59:38 [INFO]: POST /calculate-primes-ST
Winston: 2025-02-03 14:59:40 [INFO]: POST /calculate-primes-ST
Winston: 2025-02-03 14:59:43 [INFO]: POST /calculate-primes-ST
Winston: 2025-02-03 14:59:45 [INFO]: POST /calculate-primes-ST
Winston: 2025-02-03 14:59:48 [INFO]: POST /calculate-primes-MT
Winston: 2025-02-03 14:59:48 [INFO]: POST /calculate-primes-MT
Winston: 2025-02-03 14:59:48 [INFO]: POST /calculate-primes-MT
Winston: 2025-02-03 14:59:48 [INFO]: POST /calculate-primes-MT
Winston: 2025-02-03 14:59:48 [INFO]: POST /calculate-primes-MT
Winston: 2025-02-03 14:59:48 [INFO]: POST /calculate-primes-MT
Winston: 2025-02-03 14:59:48 [INFO]: POST /calculate-primes-MT
Winston: 2025-02-03 14:59:48 [INFO]: POST /calculate-primes-MT
Winston: 2025-02-03 14:59:48 [INFO]: POST /calculate-primes-MT
Winston: 2025-02-03 14:59:48 [INFO]: POST /calculate-primes-MT
Winston: 2025-02-03 14:59:48 [INFO]: POST /calculate-primes-MT
Winston: 2025-02-03 14:59:48 [INFO]: POST /calculate-primes-MT
Winston: 2025-02-03 14:59:48 [INFO]: POST /calculate-primes-MT
Winston: 2025-02-03 14:59:48 [INFO]: POST /calculate-primes-MT
Winston: 2025-02-03 14:59:48 [INFO]: POST /calculate-primes-MT
Winston: 2025-02-03 14:59:48 [INFO]: POST /calculate-primes-MT
Winston: 2025-02-03 14:59:48 [INFO]: POST /calculate-primes-MT
Winston: 2025-02-03 14:59:48 [INFO]: POST /calculate-primes-MT
Winston: 2025-02-03 14:59:48 [INFO]: POST /calculate-primes-MT
Winston: 2025-02-03 14:59:48 [INFO]: POST /calculate-primes-MT
Winston: 2025-02-03 14:59:48 [INFO]: POST /calculate-primes-MT
Winston: 2025-02-03 14:59:48 [INFO]: POST /calculate-primes-MT
Winston: 2025-02-03 14:59:48 [INFO]: POST /calculate-primes-MT
Winston: 2025-02-03 14:59:48 [INFO]: POST /calculate-primes-MT
Winston: 2025-02-03 14:59:48 [INFO]: POST /calculate-primes-MT
Winston: 2025-02-03 14:59:48 [INFO]: POST /calculate-primes-MT
Winston: 2025-02-03 14:59:48 [INFO]: POST /calculate-primes-MT
Winston: 2025-02-03 14:59:48 [INFO]: POST /calculate-primes-MT
Winston: 2025-02-03 14:59:48 [INFO]: POST /calculate-primes-MT
Winston: 2025-02-03 14:59:48 [INFO]: POST /calculate-primes-MT
Winston: 2025-02-03 15:00:11 [INFO]: POST /calculate-primes-MT
Winston: 2025-02-03 15:00:11 [INFO]: POST /calculate-primes-MT
Winston: 2025-02-03 15:00:11 [INFO]: POST /calculate-primes-MT
Winston: 2025-02-03 15:00:11 [INFO]: POST /calculate-primes-MT
Winston: 2025-02-03 15:00:11 [INFO]: POST /calculate-primes-MT
Winston: 2025-02-03 15:00:11 [INFO]: POST /calculate-primes-MT
Winston: 2025-02-03 15:00:12 [INFO]: POST /calculate-primes-MT
Winston: 2025-02-03 15:00:12 [INFO]: POST /calculate-primes-MT
Winston: 2025-02-03 15:00:12 [INFO]: POST /calculate-primes-MT
Winston: 2025-02-03 15:00:12 [INFO]: POST /calculate-primes-MT
Winston: 2025-02-03 15:00:12 [INFO]: POST /calculate-primes-MT
Winston: 2025-02-03 15:00:12 [INFO]: POST /calculate-primes-MT
Winston: 2025-02-03 15:00:12 [INFO]: POST /calculate-primes-MT
Winston: 2025-02-03 15:00:12 [INFO]: POST /calculate-primes-MT
Winston: 2025-02-03 15:00:12 [INFO]: POST /calculate-primes-MT
Winston: 2025-02-03 15:00:12 [INFO]: POST /calculate-primes-MT
Winston: 2025-02-03 15:00:12 [INFO]: POST /calculate-primes-MT
Winston: 2025-02-03 15:00:12 [INFO]: POST /calculate-primes-MT
Winston: 2025-02-03 15:00:12 [INFO]: POST /calculate-primes-MT
Winston: 2025-02-03 15:00:12 [INFO]: POST /calculate-primes-MT
Winston: 2025-02-03 15:00:16 [INFO]: POST /calculate-primes-MT
Winston: 2025-02-03 15:00:16 [INFO]: POST /calculate-primes-MT
Winston: 2025-02-03 15:00:16 [INFO]: POST /calculate-primes-MT
Winston: 2025-02-03 15:00:17 [INFO]: POST /calculate-primes-MT
Winston: 2025-02-03 15:00:17 [INFO]: POST /calculate-primes-MT
Winston: 2025-02-03 15:00:17 [INFO]: POST /calculate-primes-MT
Winston: 2025-02-03 15:00:17 [INFO]: POST /calculate-primes-MT
Winston: 2025-02-03 15:00:17 [INFO]: POST /calculate-primes-MT
Winston: 2025-02-03 15:00:17 [INFO]: POST /calculate-primes-MT
Winston: 2025-02-03 15:00:17 [INFO]: POST /calculate-primes-MT
Winston: 2025-02-03 15:00:18 [INFO]: POST /calculate-primes-MT
Winston: 2025-02-03 15:00:20 [INFO]: POST /calculate-primes-MT
Winston: 2025-02-03 15:00:20 [INFO]: POST /calculate-primes-MT
Winston: 2025-02-03 15:00:20 [INFO]: POST /calculate-primes-MT
Winston: 2025-02-03 15:00:20 [INFO]: POST /calculate-primes-MT
Winston: 2025-02-03 15:00:20 [INFO]: POST /calculate-primes-MT
Winston: 2025-02-03 15:00:20 [INFO]: POST /calculate-primes-MT
Winston: 2025-02-03 15:00:20 [INFO]: POST /calculate-primes-MT
Winston: 2025-02-03 15:00:20 [INFO]: POST /calculate-primes-MT
Winston: 2025-02-03 15:00:20 [INFO]: POST /calculate-primes-MT
Winston: 2025-02-03 15:00:20 [INFO]: POST /calculate-primes-MT
Winston: 2025-02-03 15:00:20 [INFO]: POST /calculate-primes-MT
Winston: 2025-02-03 15:00:20 [INFO]: POST /calculate-primes-MT
Winston: 2025-02-03 15:00:20 [INFO]: POST /calculate-primes-MT
Winston: 2025-02-03 15:00:20 [INFO]: POST /calculate-primes-MT
Winston: 2025-02-03 15:00:20 [INFO]: POST /calculate-primes-MT
Winston: 2025-02-03 15:00:20 [INFO]: POST /calculate-primes-MT
Winston: 2025-02-03 15:00:25 [INFO]: POST /calculate-primes-MT
Winston: 2025-02-03 15:00:25 [INFO]: POST /calculate-primes-MT
Winston: 2025-02-03 15:00:25 [INFO]: POST /calculate-primes-MT
Winston: 2025-02-03 15:00:25 [INFO]: POST /calculate-primes-MT
Winston: 2025-02-03 15:00:25 [INFO]: POST /calculate-primes-MT
Winston: 2025-02-03 15:00:25 [INFO]: POST /calculate-primes-MT
Winston: 2025-02-03 15:00:25 [INFO]: POST /calculate-primes-MT
Winston: 2025-02-03 15:00:25 [INFO]: POST /calculate-primes-MT
Winston: 2025-02-03 15:00:25 [INFO]: POST /calculate-primes-MT
Winston: 2025-02-03 15:00:25 [INFO]: POST /calculate-primes-MT
Winston: 2025-02-03 15:00:26 [INFO]: POST /calculate-primes-MT
Winston: 2025-02-03 15:00:26 [INFO]: POST /calculate-primes-MT
Winston: 2025-02-03 15:00:26 [INFO]: POST /calculate-primes-MT
Winston: 2025-02-03 15:00:28 [INFO]: POST /calculate-primes-MT
Winston: 2025-02-03 15:00:28 [INFO]: POST /calculate-primes-MT
Winston: 2025-02-03 15:00:28 [INFO]: POST /calculate-primes-MT
Winston: 2025-02-03 15:00:28 [INFO]: POST /calculate-primes-MT
Winston: 2025-02-03 15:00:28 [INFO]: POST /calculate-primes-MT
Winston: 2025-02-03 15:00:28 [INFO]: POST /calculate-primes-MT
Winston: 2025-02-03 15:00:28 [INFO]: POST /calculate-primes-MT
Winston: 2025-02-03 15:00:28 [INFO]: POST /calculate-primes-MT
Winston: 2025-02-03 15:00:28 [INFO]: POST /calculate-primes-MT
Winston: 2025-02-03 15:00:28 [INFO]: POST /calculate-primes-MT
Winston: 2025-02-03 15:00:28 [INFO]: POST /calculate-primes-MT
Winston: 2025-02-03 15:00:28 [INFO]: POST /calculate-primes-MT
Winston: 2025-02-03 15:00:28 [INFO]: POST /calculate-primes-MT
Winston: 2025-02-03 15:00:28 [INFO]: POST /calculate-primes-MT
Winston: 2025-02-03 15:00:28 [INFO]: POST /calculate-primes-MT
Winston: 2025-02-03 15:00:28 [INFO]: POST /calculate-primes-MT
Winston: 2025-02-03 15:00:28 [INFO]: POST /calculate-primes-MT
Winston: 2025-02-03 15:00:34 [INFO]: POST /calculate-primes-MT
Winston: 2025-02-03 15:00:34 [INFO]: POST /calculate-primes-MT
Winston: 2025-02-03 15:00:34 [INFO]: POST /calculate-primes-MT
Winston: 2025-02-03 15:00:34 [INFO]: POST /calculate-primes-MT
Winston: 2025-02-03 15:00:34 [INFO]: POST /calculate-primes-MT
Winston: 2025-02-03 15:00:34 [INFO]: POST /calculate-primes-MT
Winston: 2025-02-03 15:00:34 [INFO]: POST /calculate-primes-MT
Winston: 2025-02-03 15:00:34 [INFO]: POST /calculate-primes-MT
Winston: 2025-02-03 15:00:34 [INFO]: POST /calculate-primes-MT
Winston: 2025-02-03 15:00:34 [INFO]: POST /calculate-primes-MT
Winston: 2025-02-03 15:00:34 [INFO]: POST /calculate-primes-MT
Winston: 2025-02-03 15:00:37 [INFO]: POST /calculate-primes-MT
Winston: 2025-02-03 15:00:37 [INFO]: POST /calculate-primes-MT
Winston: 2025-02-03 15:00:37 [INFO]: POST /calculate-primes-MT
Winston: 2025-02-03 15:00:37 [INFO]: POST /calculate-primes-MT
Winston: 2025-02-03 15:00:37 [INFO]: POST /calculate-primes-MT
Winston: 2025-02-03 15:00:37 [INFO]: POST /calculate-primes-MT
Winston: 2025-02-03 15:00:37 [INFO]: POST /calculate-primes-MT
Winston: 2025-02-03 15:00:37 [INFO]: POST /calculate-primes-MT
Winston: 2025-02-03 15:00:37 [INFO]: POST /calculate-primes-MT
Winston: 2025-02-03 15:00:37 [INFO]: POST /calculate-primes-MT
Winston: 2025-02-03 15:00:37 [INFO]: POST /calculate-primes-MT
Winston: 2025-02-03 15:00:37 [INFO]: POST /calculate-primes-MT
Winston: 2025-02-03 15:00:37 [INFO]: POST /calculate-primes-MT
Winston: 2025-02-03 15:00:37 [INFO]: POST /calculate-primes-MT
Winston: 2025-02-03 15:00:37 [INFO]: POST /calculate-primes-MT
Winston: 2025-02-03 15:00:37 [INFO]: POST /calculate-primes-MT
Winston: 2025-02-03 15:00:37 [INFO]: POST /calculate-primes-MT
Winston: 2025-02-03 15:00:37 [INFO]: POST /calculate-primes-MT
Winston: 2025-02-03 15:00:37 [INFO]: POST /calculate-primes-MT
Winston: 2025-02-03 15:00:43 [INFO]: POST /calculate-primes-MT
Winston: 2025-02-03 15:00:43 [INFO]: POST /calculate-primes-MT
Winston: 2025-02-03 15:00:43 [INFO]: POST /calculate-primes-MT
Winston: 2025-02-03 15:00:43 [INFO]: POST /calculate-primes-MT
Winston: 2025-02-03 15:00:43 [INFO]: POST /calculate-primes-MT
Winston: 2025-02-03 15:00:43 [INFO]: POST /calculate-primes-MT
Winston: 2025-02-03 15:00:43 [INFO]: POST /calculate-primes-MT
Winston: 2025-02-03 15:00:43 [INFO]: POST /calculate-primes-MT
Winston: 2025-02-03 15:00:43 [INFO]: POST /calculate-primes-MT
Winston: 2025-02-03 15:00:43 [INFO]: POST /calculate-primes-MT
Winston: 2025-02-03 15:00:43 [INFO]: POST /calculate-primes-MT
Winston: 2025-02-03 15:00:43 [INFO]: POST /calculate-primes-MT
Winston: 2025-02-03 15:00:45 [INFO]: POST /calculate-primes-MT
Winston: 2025-02-03 15:00:45 [INFO]: POST /calculate-primes-MT
Winston: 2025-02-03 15:00:46 [INFO]: POST /calculate-primes-MT
Winston: 2025-02-03 15:00:46 [INFO]: POST /calculate-primes-MT
Winston: 2025-02-03 15:00:46 [INFO]: POST /calculate-primes-MT
Winston: 2025-02-03 15:00:46 [INFO]: POST /calculate-primes-MT
Winston: 2025-02-03 15:00:47 [INFO]: POST /calculate-primes-MT
Winston: 2025-02-03 15:00:47 [INFO]: POST /calculate-primes-MT
Winston: 2025-02-03 15:00:47 [INFO]: POST /calculate-primes-MT
Winston: 2025-02-03 15:00:47 [INFO]: POST /calculate-primes-MT
Winston: 2025-02-03 15:00:47 [INFO]: POST /calculate-primes-MT
Winston: 2025-02-03 15:00:47 [INFO]: POST /calculate-primes-MT
Winston: 2025-02-03 15:00:47 [INFO]: POST /calculate-primes-MT
Winston: 2025-02-03 15:00:47 [INFO]: POST /calculate-primes-MT
Winston: 2025-02-03 15:00:47 [INFO]: POST /calculate-primes-MT
Winston: 2025-02-03 15:00:47 [INFO]: POST /calculate-primes-MT
Winston: 2025-02-03 15:00:47 [INFO]: POST /calculate-primes-MT
Winston: 2025-02-03 15:00:47 [INFO]: POST /calculate-primes-MT
Winston: 2025-02-03 15:00:51 [INFO]: POST /calculate-primes-MT
Winston: 2025-02-03 15:00:51 [INFO]: POST /calculate-primes-MT
Winston: 2025-02-03 15:00:51 [INFO]: POST /calculate-primes-MT
Winston: 2025-02-03 15:00:51 [INFO]: POST /calculate-primes-MT
Winston: 2025-02-03 15:00:51 [INFO]: POST /calculate-primes-MT
Winston: 2025-02-03 15:00:51 [INFO]: POST /calculate-primes-MT
Winston: 2025-02-03 15:00:52 [INFO]: POST /calculate-primes-MT
Winston: 2025-02-03 15:00:52 [INFO]: POST /calculate-primes-MT
Winston: 2025-02-03 15:00:52 [INFO]: POST /calculate-primes-MT
Winston: 2025-02-03 15:00:52 [INFO]: POST /calculate-primes-MT
Winston: 2025-02-03 15:00:52 [INFO]: POST /calculate-primes-MT
Winston: 2025-02-03 15:00:52 [INFO]: POST /calculate-primes-MT
Winston: 2025-02-03 15:00:52 [INFO]: POST /calculate-primes-MT
Winston: 2025-02-03 15:00:55 [INFO]: POST /calculate-primes-MT
Winston: 2025-02-03 15:00:55 [INFO]: POST /calculate-primes-MT
Winston: 2025-02-03 15:00:56 [INFO]: POST /calculate-primes-MT
Winston: 2025-02-03 15:00:56 [INFO]: POST /calculate-primes-MT
Winston: 2025-02-03 15:00:56 [INFO]: POST /calculate-primes-MT
Winston: 2025-02-03 15:00:56 [INFO]: POST /calculate-primes-MT
Winston: 2025-02-03 15:00:56 [INFO]: POST /calculate-primes-MT
Winston: 2025-02-03 15:00:56 [INFO]: POST /calculate-primes-MT
Winston: 2025-02-03 15:00:56 [INFO]: POST /calculate-primes-MT
Winston: 2025-02-03 15:00:56 [INFO]: POST /calculate-primes-MT
Winston: 2025-02-03 15:00:56 [INFO]: POST /calculate-primes-MT
Winston: 2025-02-03 15:00:56 [INFO]: POST /calculate-primes-MT
Winston: 2025-02-03 15:00:56 [INFO]: POST /calculate-primes-MT
Winston: 2025-02-03 15:00:59 [INFO]: POST /calculate-primes-MT
Winston: 2025-02-03 15:00:59 [INFO]: POST /calculate-primes-MT
Winston: 2025-02-03 15:00:59 [INFO]: POST /calculate-primes-MT
Winston: 2025-02-03 15:00:59 [INFO]: POST /calculate-primes-MT
Winston: 2025-02-03 15:00:59 [INFO]: POST /calculate-primes-MT
Winston: 2025-02-03 15:00:59 [INFO]: POST /calculate-primes-MT
Winston: 2025-02-03 15:00:59 [INFO]: POST /calculate-primes-MT
Winston: 2025-02-03 15:00:59 [INFO]: POST /calculate-primes-MT
Winston: 2025-02-03 15:01:00 [INFO]: POST /calculate-primes-MT
Winston: 2025-02-03 15:01:00 [INFO]: POST /calculate-primes-MT
Winston: 2025-02-03 15:01:00 [INFO]: POST /calculate-primes-MT
Winston: 2025-02-03 15:01:02 [INFO]: POST /calculate-primes-MT
Winston: 2025-02-03 15:01:02 [INFO]: POST /calculate-primes-MT
Winston: 2025-02-03 15:01:02 [INFO]: POST /calculate-primes-MT
Winston: 2025-02-03 15:01:02 [INFO]: POST /calculate-primes-MT
Winston: 2025-02-03 15:01:03 [INFO]: POST /calculate-primes-MT
Winston: 2025-02-03 15:01:03 [INFO]: POST /calculate-primes-MT
Winston: 2025-02-03 15:01:03 [INFO]: POST /calculate-primes-MT
Winston: 2025-02-03 15:01:03 [INFO]: POST /calculate-primes-MT
Winston: 2025-02-03 15:01:03 [INFO]: POST /calculate-primes-MT
Winston: 2025-02-03 15:01:03 [INFO]: POST /calculate-primes-MT
Winston: 2025-02-03 15:01:06 [INFO]: POST /calculate-primes-MT
Winston: 2025-02-03 15:01:06 [INFO]: POST /calculate-primes-MT
Winston: 2025-02-03 15:01:06 [INFO]: POST /calculate-primes-MT
Winston: 2025-02-03 15:01:06 [INFO]: POST /calculate-primes-MT
Winston: 2025-02-03 15:01:06 [INFO]: POST /calculate-primes-MT
Winston: 2025-02-03 15:01:06 [INFO]: POST /calculate-primes-MT
Winston: 2025-02-03 15:01:07 [INFO]: POST /calculate-primes-MT
Winston: 2025-02-03 15:01:07 [INFO]: POST /calculate-primes-MT
Winston: 2025-02-03 15:01:07 [INFO]: POST /calculate-primes-MT
Winston: 2025-02-03 15:01:07 [INFO]: POST /calculate-primes-MT
Winston: 2025-02-03 15:01:07 [INFO]: POST /calculate-primes-MT
Winston: 2025-02-03 15:01:07 [INFO]: POST /calculate-primes-MT
Winston: 2025-02-03 15:01:07 [INFO]: POST /calculate-primes-MT
Winston: 2025-02-03 15:01:07 [INFO]: POST /calculate-primes-MT
Winston: 2025-02-03 15:01:07 [INFO]: POST /calculate-primes-MT
Winston: 2025-02-03 15:01:07 [INFO]: POST /calculate-primes-MT
Winston: 2025-02-03 15:01:07 [INFO]: POST /calculate-primes-MT
Winston: 2025-02-03 15:01:07 [INFO]: POST /calculate-primes-MT
Winston: 2025-02-03 15:01:11 [INFO]: POST /calculate-primes-MT
Winston: 2025-02-03 15:01:11 [INFO]: POST /calculate-primes-MT
Winston: 2025-02-03 15:01:11 [INFO]: POST /calculate-primes-MT
Winston: 2025-02-03 15:01:12 [INFO]: POST /calculate-primes-MT
Winston: 2025-02-03 15:01:12 [INFO]: POST /calculate-primes-MT
Winston: 2025-02-03 15:01:12 [INFO]: POST /calculate-primes-MT
Winston: 2025-02-03 15:01:12 [INFO]: POST /calculate-primes-MT
Winston: 2025-02-03 15:01:12 [INFO]: POST /calculate-primes-MT
Winston: 2025-02-03 15:01:12 [INFO]: POST /calculate-primes-MT
Winston: 2025-02-03 15:01:12 [INFO]: POST /calculate-primes-MT
Winston: 2025-02-03 15:01:13 [INFO]: POST /calculate-primes-MT
Winston: 2025-02-03 15:01:13 [INFO]: POST /calculate-primes-MT
Winston: 2025-02-03 15:01:13 [INFO]: POST /calculate-primes-MT
Winston: 2025-02-03 15:01:13 [INFO]: POST /calculate-primes-MT
Winston: 2025-02-03 15:04:21 [INFO]: POST /calculate-primes-ST
Winston: 2025-02-03 15:04:23 [INFO]: POST /calculate-primes-ST
Winston: 2025-02-03 15:04:25 [INFO]: POST /calculate-primes-ST
Winston: 2025-02-03 15:04:26 [INFO]: POST /calculate-primes-ST
Winston: 2025-02-03 15:04:28 [INFO]: POST /calculate-primes-ST
Winston: 2025-02-03 15:04:30 [INFO]: POST /calculate-primes-ST
Winston: 2025-02-03 15:04:31 [INFO]: POST /calculate-primes-ST
Winston: 2025-02-03 15:04:33 [INFO]: POST /calculate-primes-ST
Winston: 2025-02-03 15:04:35 [INFO]: POST /calculate-primes-ST
Winston: 2025-02-03 15:04:36 [INFO]: POST /calculate-primes-ST
Winston: 2025-02-03 15:04:38 [INFO]: POST /calculate-primes-ST
Winston: 2025-02-03 15:04:40 [INFO]: POST /calculate-primes-ST
Winston: 2025-02-03 15:04:42 [INFO]: POST /calculate-primes-ST
Winston: 2025-02-03 15:04:43 [INFO]: POST /calculate-primes-ST
Winston: 2025-02-03 15:04:45 [INFO]: POST /calculate-primes-ST
Winston: 2025-02-03 15:04:47 [INFO]: POST /calculate-primes-ST
Winston: 2025-02-03 15:04:48 [INFO]: POST /calculate-primes-ST
Winston: 2025-02-03 15:04:50 [INFO]: POST /calculate-primes-ST
Winston: 2025-02-03 15:04:52 [INFO]: POST /calculate-primes-ST
Winston: 2025-02-03 15:04:54 [INFO]: POST /calculate-primes-ST
Winston: 2025-02-03 15:04:56 [INFO]: POST /calculate-primes-ST
Winston: 2025-02-03 15:04:57 [INFO]: POST /calculate-primes-ST
Winston: 2025-02-03 15:04:59 [INFO]: POST /calculate-primes-ST
Winston: 2025-02-03 15:05:01 [INFO]: POST /calculate-primes-ST
Winston: 2025-02-03 15:05:02 [INFO]: POST /calculate-primes-ST
Winston: 2025-02-03 15:05:04 [INFO]: POST /calculate-primes-ST
Winston: 2025-02-03 15:05:06 [INFO]: POST /calculate-primes-ST
Winston: 2025-02-03 15:05:07 [INFO]: POST /calculate-primes-ST
Winston: 2025-02-03 15:05:09 [INFO]: POST /calculate-primes-ST
Winston: 2025-02-03 15:05:11 [INFO]: POST /calculate-primes-ST
Winston: 2025-02-03 15:05:13 [INFO]: POST /calculate-primes-ST
Winston: 2025-02-03 15:05:14 [INFO]: POST /calculate-primes-ST
Winston: 2025-02-03 15:05:16 [INFO]: POST /calculate-primes-ST
Winston: 2025-02-03 15:05:18 [INFO]: POST /calculate-primes-ST
Winston: 2025-02-03 15:05:19 [INFO]: POST /calculate-primes-ST
Winston: 2025-02-03 15:05:21 [INFO]: POST /calculate-primes-ST
Winston: 2025-02-03 15:05:23 [INFO]: POST /calculate-primes-ST
Winston: 2025-02-03 15:05:25 [INFO]: POST /calculate-primes-ST
Winston: 2025-02-03 15:05:26 [INFO]: POST /calculate-primes-ST
Winston: 2025-02-03 15:05:27 [INFO]: POST /calculate-primes-ST
Winston: 2025-02-03 15:05:29 [INFO]: POST /calculate-primes-ST
Winston: 2025-02-03 15:05:30 [INFO]: POST /calculate-primes-ST
Winston: 2025-02-03 15:05:32 [INFO]: POST /calculate-primes-ST
Winston: 2025-02-03 15:05:33 [INFO]: POST /calculate-primes-ST
Winston: 2025-02-03 15:05:35 [INFO]: POST /calculate-primes-ST
Winston: 2025-02-03 15:05:36 [INFO]: POST /calculate-primes-ST
Winston: 2025-02-03 15:05:38 [INFO]: POST /calculate-primes-ST
Winston: 2025-02-03 15:05:39 [INFO]: POST /calculate-primes-ST
Winston: 2025-02-03 15:05:41 [INFO]: POST /calculate-primes-ST
Winston: 2025-02-03 15:05:42 [INFO]: POST /calculate-primes-ST
Winston: 2025-02-03 15:05:44 [INFO]: POST /calculate-primes-ST
Winston: 2025-02-03 15:05:45 [INFO]: POST /calculate-primes-ST
Winston: 2025-02-03 15:05:46 [INFO]: POST /calculate-primes-ST
Winston: 2025-02-03 15:05:48 [INFO]: POST /calculate-primes-ST
Winston: 2025-02-03 15:05:49 [INFO]: POST /calculate-primes-ST
Winston: 2025-02-03 15:05:51 [INFO]: POST /calculate-primes-ST
Winston: 2025-02-03 15:05:52 [INFO]: POST /calculate-primes-ST
Winston: 2025-02-03 15:05:54 [INFO]: POST /calculate-primes-ST
Winston: 2025-02-03 15:05:55 [INFO]: POST /calculate-primes-ST
Winston: 2025-02-03 15:05:56 [INFO]: POST /calculate-primes-ST
Winston: 2025-02-03 15:05:58 [INFO]: POST /calculate-primes-ST
Winston: 2025-02-03 15:05:59 [INFO]: POST /calculate-primes-ST
Winston: 2025-02-03 15:06:01 [INFO]: POST /calculate-primes-ST
Winston: 2025-02-03 15:07:04 [INFO]: POST /calculate-primes-ST
Winston: 2025-02-03 15:07:13 [INFO]: POST /calculate-primes-MT
Winston: 2025-02-03 16:41:25 [INFO]: POST /calculate-primes-MT
Winston: 2025-02-03 16:42:19 [INFO]: POST /calculate-primes-MT
Winston: 2025-02-03 16:42:54 [INFO]: POST /calculate-primes-MT
Winston: 2025-02-03 16:43:33 [INFO]: POST /calculate-primes-MT
